Creating connection.
timeBetweenEvictionRunsMillis: -1
startEvictor: Evictor: null
setTimeBetweenEvictionRunsMillis: Evictor: null
GenericKeyedObjectPoolConfig [lifo=true, fairness=false, maxWaitMillis=0, minEvictableIdleTimeMillis=1800000, softMinEvictableIdleTimeMillis=-1, numTestsPerEvictionRun=3, evictionPolicyClassName=org.apache.tomcat.dbcp.pool2.impl.DefaultEvictionPolicy, testOnCreate=false, testOnBorrow=false, testOnReturn=false, testWhileIdle=false, timeBetweenEvictionRunsMillis=-1, blockWhenExhausted=false, jmxEnabled=false, jmxNamePrefix=pool, jmxNameBase=null, minIdlePerKey=0, maxIdlePerKey=1, maxTotalPerKey=-1, maxTotal=-1]
org.apache.tomcat.dbcp.dbcp2.PoolableConnectionFactory.makeObject(PoolableConnectionFactory.java:398)
org.apache.tomcat.dbcp.dbcp2.BasicDataSource.validateConnectionFactory(BasicDataSource.java:115)
org.apache.tomcat.dbcp.dbcp2.BasicDataSource.createPoolableConnectionFactory(BasicDataSource.java:665)
org.apache.tomcat.dbcp.dbcp2.BasicDataSource.createDataSource(BasicDataSource.java:544)
org.apache.tomcat.dbcp.dbcp2.BasicDataSource.getConnection(BasicDataSource.java:753)
com.example.AppMain.main(AppMain.java:23)
org.apache.tomcat.dbcp.dbcp2.PoolableConnectionFactory#destroyObject: class org.apache.tomcat.dbcp.dbcp2.PoolableConnection
org.apache.tomcat.dbcp.dbcp2.PoolableConnection#closeInternal: class org.apache.tomcat.dbcp.dbcp2.PoolingConnection
org.apache.tomcat.dbcp.dbcp2.PoolingConnection#close
org.apache.tomcat.dbcp.pool2.impl.GenericKeyedObjectPool#stopEvictor
startEvictor: Evictor: null
timeBetweenEvictionRunsMillis: -1
startEvictor: Evictor: null
setTimeBetweenEvictionRunsMillis: Evictor: null
timeBetweenEvictionRunsMillis: -1
startEvictor: Evictor: null
setTimeBetweenEvictionRunsMillis: Evictor: null
GenericKeyedObjectPoolConfig [lifo=true, fairness=false, maxWaitMillis=0, minEvictableIdleTimeMillis=1800000, softMinEvictableIdleTimeMillis=-1, numTestsPerEvictionRun=3, evictionPolicyClassName=org.apache.tomcat.dbcp.pool2.impl.DefaultEvictionPolicy, testOnCreate=false, testOnBorrow=false, testOnReturn=false, testWhileIdle=false, timeBetweenEvictionRunsMillis=-1, blockWhenExhausted=false, jmxEnabled=false, jmxNamePrefix=pool, jmxNameBase=null, minIdlePerKey=0, maxIdlePerKey=1, maxTotalPerKey=-1, maxTotal=-1]
org.apache.tomcat.dbcp.dbcp2.PoolableConnectionFactory.makeObject(PoolableConnectionFactory.java:398)
org.apache.tomcat.dbcp.pool2.impl.GenericObjectPool.create(GenericObjectPool.java:901)
org.apache.tomcat.dbcp.pool2.impl.GenericObjectPool.addObject(GenericObjectPool.java:1006)
org.apache.tomcat.dbcp.dbcp2.BasicDataSource.createDataSource(BasicDataSource.java:583)
org.apache.tomcat.dbcp.dbcp2.BasicDataSource.getConnection(BasicDataSource.java:753)
com.example.AppMain.main(AppMain.java:23)
timeBetweenEvictionRunsMillis: -1
startEvictor: Evictor: null
setTimeBetweenEvictionRunsMillis: Evictor: null
GenericKeyedObjectPoolConfig [lifo=true, fairness=false, maxWaitMillis=0, minEvictableIdleTimeMillis=1800000, softMinEvictableIdleTimeMillis=-1, numTestsPerEvictionRun=3, evictionPolicyClassName=org.apache.tomcat.dbcp.pool2.impl.DefaultEvictionPolicy, testOnCreate=false, testOnBorrow=false, testOnReturn=false, testWhileIdle=false, timeBetweenEvictionRunsMillis=-1, blockWhenExhausted=false, jmxEnabled=false, jmxNamePrefix=pool, jmxNameBase=null, minIdlePerKey=0, maxIdlePerKey=1, maxTotalPerKey=-1, maxTotal=-1]
org.apache.tomcat.dbcp.dbcp2.PoolableConnectionFactory.makeObject(PoolableConnectionFactory.java:398)
org.apache.tomcat.dbcp.pool2.impl.GenericObjectPool.create(GenericObjectPool.java:901)
org.apache.tomcat.dbcp.pool2.impl.GenericObjectPool.addObject(GenericObjectPool.java:1006)
org.apache.tomcat.dbcp.dbcp2.BasicDataSource.createDataSource(BasicDataSource.java:583)
org.apache.tomcat.dbcp.dbcp2.BasicDataSource.getConnection(BasicDataSource.java:753)
com.example.AppMain.main(AppMain.java:23)
timeBetweenEvictionRunsMillis: -1
startEvictor: Evictor: null
setTimeBetweenEvictionRunsMillis: Evictor: null
GenericKeyedObjectPoolConfig [lifo=true, fairness=false, maxWaitMillis=0, minEvictableIdleTimeMillis=1800000, softMinEvictableIdleTimeMillis=-1, numTestsPerEvictionRun=3, evictionPolicyClassName=org.apache.tomcat.dbcp.pool2.impl.DefaultEvictionPolicy, testOnCreate=false, testOnBorrow=false, testOnReturn=false, testWhileIdle=false, timeBetweenEvictionRunsMillis=-1, blockWhenExhausted=false, jmxEnabled=false, jmxNamePrefix=pool, jmxNameBase=null, minIdlePerKey=0, maxIdlePerKey=1, maxTotalPerKey=-1, maxTotal=-1]
org.apache.tomcat.dbcp.dbcp2.PoolableConnectionFactory.makeObject(PoolableConnectionFactory.java:398)
org.apache.tomcat.dbcp.pool2.impl.GenericObjectPool.create(GenericObjectPool.java:901)
org.apache.tomcat.dbcp.pool2.impl.GenericObjectPool.addObject(GenericObjectPool.java:1006)
org.apache.tomcat.dbcp.dbcp2.BasicDataSource.createDataSource(BasicDataSource.java:583)
org.apache.tomcat.dbcp.dbcp2.BasicDataSource.getConnection(BasicDataSource.java:753)
com.example.AppMain.main(AppMain.java:23)
timeBetweenEvictionRunsMillis: -1
startEvictor: Evictor: null
setTimeBetweenEvictionRunsMillis: Evictor: null
GenericKeyedObjectPoolConfig [lifo=true, fairness=false, maxWaitMillis=0, minEvictableIdleTimeMillis=1800000, softMinEvictableIdleTimeMillis=-1, numTestsPerEvictionRun=3, evictionPolicyClassName=org.apache.tomcat.dbcp.pool2.impl.DefaultEvictionPolicy, testOnCreate=false, testOnBorrow=false, testOnReturn=false, testWhileIdle=false, timeBetweenEvictionRunsMillis=-1, blockWhenExhausted=false, jmxEnabled=false, jmxNamePrefix=pool, jmxNameBase=null, minIdlePerKey=0, maxIdlePerKey=1, maxTotalPerKey=-1, maxTotal=-1]
org.apache.tomcat.dbcp.dbcp2.PoolableConnectionFactory.makeObject(PoolableConnectionFactory.java:398)
org.apache.tomcat.dbcp.pool2.impl.GenericObjectPool.create(GenericObjectPool.java:901)
org.apache.tomcat.dbcp.pool2.impl.GenericObjectPool.addObject(GenericObjectPool.java:1006)
org.apache.tomcat.dbcp.dbcp2.BasicDataSource.createDataSource(BasicDataSource.java:583)
org.apache.tomcat.dbcp.dbcp2.BasicDataSource.getConnection(BasicDataSource.java:753)
com.example.AppMain.main(AppMain.java:23)
timeBetweenEvictionRunsMillis: -1
startEvictor: Evictor: null
setTimeBetweenEvictionRunsMillis: Evictor: null
GenericKeyedObjectPoolConfig [lifo=true, fairness=false, maxWaitMillis=0, minEvictableIdleTimeMillis=1800000, softMinEvictableIdleTimeMillis=-1, numTestsPerEvictionRun=3, evictionPolicyClassName=org.apache.tomcat.dbcp.pool2.impl.DefaultEvictionPolicy, testOnCreate=false, testOnBorrow=false, testOnReturn=false, testWhileIdle=false, timeBetweenEvictionRunsMillis=-1, blockWhenExhausted=false, jmxEnabled=false, jmxNamePrefix=pool, jmxNameBase=null, minIdlePerKey=0, maxIdlePerKey=1, maxTotalPerKey=-1, maxTotal=-1]
org.apache.tomcat.dbcp.dbcp2.PoolableConnectionFactory.makeObject(PoolableConnectionFactory.java:398)
org.apache.tomcat.dbcp.pool2.impl.GenericObjectPool.create(GenericObjectPool.java:901)
org.apache.tomcat.dbcp.pool2.impl.GenericObjectPool.addObject(GenericObjectPool.java:1006)
org.apache.tomcat.dbcp.dbcp2.BasicDataSource.createDataSource(BasicDataSource.java:583)
org.apache.tomcat.dbcp.dbcp2.BasicDataSource.getConnection(BasicDataSource.java:753)
com.example.AppMain.main(AppMain.java:23)
timeBetweenEvictionRunsMillis: -1
startEvictor: Evictor: null
setTimeBetweenEvictionRunsMillis: Evictor: null
GenericKeyedObjectPoolConfig [lifo=true, fairness=false, maxWaitMillis=0, minEvictableIdleTimeMillis=1800000, softMinEvictableIdleTimeMillis=-1, numTestsPerEvictionRun=3, evictionPolicyClassName=org.apache.tomcat.dbcp.pool2.impl.DefaultEvictionPolicy, testOnCreate=false, testOnBorrow=false, testOnReturn=false, testWhileIdle=false, timeBetweenEvictionRunsMillis=-1, blockWhenExhausted=false, jmxEnabled=false, jmxNamePrefix=pool, jmxNameBase=null, minIdlePerKey=0, maxIdlePerKey=1, maxTotalPerKey=-1, maxTotal=-1]
org.apache.tomcat.dbcp.dbcp2.PoolableConnectionFactory.makeObject(PoolableConnectionFactory.java:398)
org.apache.tomcat.dbcp.pool2.impl.GenericObjectPool.create(GenericObjectPool.java:901)
org.apache.tomcat.dbcp.pool2.impl.GenericObjectPool.addObject(GenericObjectPool.java:1006)
org.apache.tomcat.dbcp.dbcp2.BasicDataSource.createDataSource(BasicDataSource.java:583)
org.apache.tomcat.dbcp.dbcp2.BasicDataSource.getConnection(BasicDataSource.java:753)
com.example.AppMain.main(AppMain.java:23)
timeBetweenEvictionRunsMillis: -1
startEvictor: Evictor: null
setTimeBetweenEvictionRunsMillis: Evictor: null
GenericKeyedObjectPoolConfig [lifo=true, fairness=false, maxWaitMillis=0, minEvictableIdleTimeMillis=1800000, softMinEvictableIdleTimeMillis=-1, numTestsPerEvictionRun=3, evictionPolicyClassName=org.apache.tomcat.dbcp.pool2.impl.DefaultEvictionPolicy, testOnCreate=false, testOnBorrow=false, testOnReturn=false, testWhileIdle=false, timeBetweenEvictionRunsMillis=-1, blockWhenExhausted=false, jmxEnabled=false, jmxNamePrefix=pool, jmxNameBase=null, minIdlePerKey=0, maxIdlePerKey=1, maxTotalPerKey=-1, maxTotal=-1]
org.apache.tomcat.dbcp.dbcp2.PoolableConnectionFactory.makeObject(PoolableConnectionFactory.java:398)
org.apache.tomcat.dbcp.pool2.impl.GenericObjectPool.create(GenericObjectPool.java:901)
org.apache.tomcat.dbcp.pool2.impl.GenericObjectPool.addObject(GenericObjectPool.java:1006)
org.apache.tomcat.dbcp.dbcp2.BasicDataSource.createDataSource(BasicDataSource.java:583)
org.apache.tomcat.dbcp.dbcp2.BasicDataSource.getConnection(BasicDataSource.java:753)
com.example.AppMain.main(AppMain.java:23)
timeBetweenEvictionRunsMillis: -1
startEvictor: Evictor: null
setTimeBetweenEvictionRunsMillis: Evictor: null
GenericKeyedObjectPoolConfig [lifo=true, fairness=false, maxWaitMillis=0, minEvictableIdleTimeMillis=1800000, softMinEvictableIdleTimeMillis=-1, numTestsPerEvictionRun=3, evictionPolicyClassName=org.apache.tomcat.dbcp.pool2.impl.DefaultEvictionPolicy, testOnCreate=false, testOnBorrow=false, testOnReturn=false, testWhileIdle=false, timeBetweenEvictionRunsMillis=-1, blockWhenExhausted=false, jmxEnabled=false, jmxNamePrefix=pool, jmxNameBase=null, minIdlePerKey=0, maxIdlePerKey=1, maxTotalPerKey=-1, maxTotal=-1]
org.apache.tomcat.dbcp.dbcp2.PoolableConnectionFactory.makeObject(PoolableConnectionFactory.java:398)
org.apache.tomcat.dbcp.pool2.impl.GenericObjectPool.create(GenericObjectPool.java:901)
org.apache.tomcat.dbcp.pool2.impl.GenericObjectPool.addObject(GenericObjectPool.java:1006)
org.apache.tomcat.dbcp.dbcp2.BasicDataSource.createDataSource(BasicDataSource.java:583)
org.apache.tomcat.dbcp.dbcp2.BasicDataSource.getConnection(BasicDataSource.java:753)
com.example.AppMain.main(AppMain.java:23)
timeBetweenEvictionRunsMillis: -1
startEvictor: Evictor: null
setTimeBetweenEvictionRunsMillis: Evictor: null
GenericKeyedObjectPoolConfig [lifo=true, fairness=false, maxWaitMillis=0, minEvictableIdleTimeMillis=1800000, softMinEvictableIdleTimeMillis=-1, numTestsPerEvictionRun=3, evictionPolicyClassName=org.apache.tomcat.dbcp.pool2.impl.DefaultEvictionPolicy, testOnCreate=false, testOnBorrow=false, testOnReturn=false, testWhileIdle=false, timeBetweenEvictionRunsMillis=-1, blockWhenExhausted=false, jmxEnabled=false, jmxNamePrefix=pool, jmxNameBase=null, minIdlePerKey=0, maxIdlePerKey=1, maxTotalPerKey=-1, maxTotal=-1]
org.apache.tomcat.dbcp.dbcp2.PoolableConnectionFactory.makeObject(PoolableConnectionFactory.java:398)
org.apache.tomcat.dbcp.pool2.impl.GenericObjectPool.create(GenericObjectPool.java:901)
org.apache.tomcat.dbcp.pool2.impl.GenericObjectPool.addObject(GenericObjectPool.java:1006)
org.apache.tomcat.dbcp.dbcp2.BasicDataSource.createDataSource(BasicDataSource.java:583)
org.apache.tomcat.dbcp.dbcp2.BasicDataSource.getConnection(BasicDataSource.java:753)
com.example.AppMain.main(AppMain.java:23)
timeBetweenEvictionRunsMillis: -1
startEvictor: Evictor: null
setTimeBetweenEvictionRunsMillis: Evictor: null
GenericKeyedObjectPoolConfig [lifo=true, fairness=false, maxWaitMillis=0, minEvictableIdleTimeMillis=1800000, softMinEvictableIdleTimeMillis=-1, numTestsPerEvictionRun=3, evictionPolicyClassName=org.apache.tomcat.dbcp.pool2.impl.DefaultEvictionPolicy, testOnCreate=false, testOnBorrow=false, testOnReturn=false, testWhileIdle=false, timeBetweenEvictionRunsMillis=-1, blockWhenExhausted=false, jmxEnabled=false, jmxNamePrefix=pool, jmxNameBase=null, minIdlePerKey=0, maxIdlePerKey=1, maxTotalPerKey=-1, maxTotal=-1]
org.apache.tomcat.dbcp.dbcp2.PoolableConnectionFactory.makeObject(PoolableConnectionFactory.java:398)
org.apache.tomcat.dbcp.pool2.impl.GenericObjectPool.create(GenericObjectPool.java:901)
org.apache.tomcat.dbcp.pool2.impl.GenericObjectPool.addObject(GenericObjectPool.java:1006)
org.apache.tomcat.dbcp.dbcp2.BasicDataSource.createDataSource(BasicDataSource.java:583)
org.apache.tomcat.dbcp.dbcp2.BasicDataSource.getConnection(BasicDataSource.java:753)
com.example.AppMain.main(AppMain.java:23)
timeBetweenEvictionRunsMillis: 1000
org.apache.tomcat.dbcp.pool2.impl.BaseGenericObjectPool.setTimeBetweenEvictionRunsMillis(BaseGenericObjectPool.java:493)
org.apache.tomcat.dbcp.dbcp2.BasicDataSource.startPoolMaintenance(BasicDataSource.java:2441)
org.apache.tomcat.dbcp.dbcp2.BasicDataSource.createDataSource(BasicDataSource.java:592)
org.apache.tomcat.dbcp.dbcp2.BasicDataSource.getConnection(BasicDataSource.java:753)
com.example.AppMain.main(AppMain.java:23)
startEvictor: Evictor: null
setTimeBetweenEvictionRunsMillis: Evictor: org.apache.tomcat.dbcp.pool2.impl.BaseGenericObjectPool$Evictor@4466af20
NumActive: 1
NumIdle: 9
main
Reference Handler
Finalizer
Signal Dispatcher
Common-Cleaner
MVStore background writer nio:/root/test.mv.db
commons-pool-evictor-thread
commons-pool-evictor-thread:14 is alive.
NumActive: 1
NumIdle: 9
main
Reference Handler
Finalizer
Signal Dispatcher
Common-Cleaner
MVStore background writer nio:/root/test.mv.db
commons-pool-evictor-thread
commons-pool-evictor-thread:14 is alive.
Evict: true
org.apache.tomcat.dbcp.pool2.impl.GenericObjectPool#destroy: class org.apache.tomcat.dbcp.dbcp2.PoolableConnectionFactory
org.apache.tomcat.dbcp.dbcp2.PoolableConnectionFactory#destroyObject: class org.apache.tomcat.dbcp.dbcp2.PoolableConnection
org.apache.tomcat.dbcp.dbcp2.PoolableConnection#closeInternal: class org.apache.tomcat.dbcp.dbcp2.PoolingConnection
org.apache.tomcat.dbcp.dbcp2.PoolingConnection#close
org.apache.tomcat.dbcp.pool2.impl.GenericKeyedObjectPool#stopEvictor
startEvictor: Evictor: null
Evict: true
org.apache.tomcat.dbcp.pool2.impl.GenericObjectPool#destroy: class org.apache.tomcat.dbcp.dbcp2.PoolableConnectionFactory
org.apache.tomcat.dbcp.dbcp2.PoolableConnectionFactory#destroyObject: class org.apache.tomcat.dbcp.dbcp2.PoolableConnection
org.apache.tomcat.dbcp.dbcp2.PoolableConnection#closeInternal: class org.apache.tomcat.dbcp.dbcp2.PoolingConnection
org.apache.tomcat.dbcp.dbcp2.PoolingConnection#close
org.apache.tomcat.dbcp.pool2.impl.GenericKeyedObjectPool#stopEvictor
startEvictor: Evictor: null
NumActive: 1
NumIdle: 7
main
Reference Handler
Finalizer
Signal Dispatcher
Common-Cleaner
MVStore background writer nio:/root/test.mv.db
commons-pool-evictor-thread
commons-pool-evictor-thread:14 is alive.
Evict: true
org.apache.tomcat.dbcp.pool2.impl.GenericObjectPool#destroy: class org.apache.tomcat.dbcp.dbcp2.PoolableConnectionFactory
org.apache.tomcat.dbcp.dbcp2.PoolableConnectionFactory#destroyObject: class org.apache.tomcat.dbcp.dbcp2.PoolableConnection
org.apache.tomcat.dbcp.dbcp2.PoolableConnection#closeInternal: class org.apache.tomcat.dbcp.dbcp2.PoolingConnection
org.apache.tomcat.dbcp.dbcp2.PoolingConnection#close
org.apache.tomcat.dbcp.pool2.impl.GenericKeyedObjectPool#stopEvictor
startEvictor: Evictor: null
Evict: true
org.apache.tomcat.dbcp.pool2.impl.GenericObjectPool#destroy: class org.apache.tomcat.dbcp.dbcp2.PoolableConnectionFactory
org.apache.tomcat.dbcp.dbcp2.PoolableConnectionFactory#destroyObject: class org.apache.tomcat.dbcp.dbcp2.PoolableConnection
org.apache.tomcat.dbcp.dbcp2.PoolableConnection#closeInternal: class org.apache.tomcat.dbcp.dbcp2.PoolingConnection
org.apache.tomcat.dbcp.dbcp2.PoolingConnection#close
org.apache.tomcat.dbcp.pool2.impl.GenericKeyedObjectPool#stopEvictor
startEvictor: Evictor: null
NumActive: 1
NumIdle: 5
main
Reference Handler
Finalizer
Signal Dispatcher
Common-Cleaner
MVStore background writer nio:/root/test.mv.db
commons-pool-evictor-thread
commons-pool-evictor-thread:14 is alive.
Evict: true
org.apache.tomcat.dbcp.pool2.impl.GenericObjectPool#destroy: class org.apache.tomcat.dbcp.dbcp2.PoolableConnectionFactory
org.apache.tomcat.dbcp.dbcp2.PoolableConnectionFactory#destroyObject: class org.apache.tomcat.dbcp.dbcp2.PoolableConnection
org.apache.tomcat.dbcp.dbcp2.PoolableConnection#closeInternal: class org.apache.tomcat.dbcp.dbcp2.PoolingConnection
org.apache.tomcat.dbcp.dbcp2.PoolingConnection#close
org.apache.tomcat.dbcp.pool2.impl.GenericKeyedObjectPool#stopEvictor
startEvictor: Evictor: null
Evict: true
org.apache.tomcat.dbcp.pool2.impl.GenericObjectPool#destroy: class org.apache.tomcat.dbcp.dbcp2.PoolableConnectionFactory
org.apache.tomcat.dbcp.dbcp2.PoolableConnectionFactory#destroyObject: class org.apache.tomcat.dbcp.dbcp2.PoolableConnection
org.apache.tomcat.dbcp.dbcp2.PoolableConnection#closeInternal: class org.apache.tomcat.dbcp.dbcp2.PoolingConnection
org.apache.tomcat.dbcp.dbcp2.PoolingConnection#close
org.apache.tomcat.dbcp.pool2.impl.GenericKeyedObjectPool#stopEvictor
startEvictor: Evictor: null
timeBetweenEvictionRunsMillis: -1
startEvictor: Evictor: null
setTimeBetweenEvictionRunsMillis: Evictor: null
GenericKeyedObjectPoolConfig [lifo=true, fairness=false, maxWaitMillis=0, minEvictableIdleTimeMillis=1800000, softMinEvictableIdleTimeMillis=-1, numTestsPerEvictionRun=3, evictionPolicyClassName=org.apache.tomcat.dbcp.pool2.impl.DefaultEvictionPolicy, testOnCreate=false, testOnBorrow=false, testOnReturn=false, testWhileIdle=false, timeBetweenEvictionRunsMillis=-1, blockWhenExhausted=false, jmxEnabled=false, jmxNamePrefix=pool, jmxNameBase=null, minIdlePerKey=0, maxIdlePerKey=1, maxTotalPerKey=-1, maxTotal=-1]
org.apache.tomcat.dbcp.dbcp2.PoolableConnectionFactory.makeObject(PoolableConnectionFactory.java:398)
org.apache.tomcat.dbcp.pool2.impl.GenericObjectPool.create(GenericObjectPool.java:901)
org.apache.tomcat.dbcp.pool2.impl.GenericObjectPool.ensureIdle(GenericObjectPool.java:972)
org.apache.tomcat.dbcp.pool2.impl.GenericObjectPool.ensureMinIdle(GenericObjectPool.java:950)
org.apache.tomcat.dbcp.pool2.impl.BaseGenericObjectPool$Evictor.run(BaseGenericObjectPool.java:1163)
java.base/java.util.concurrent.Executors$RunnableAdapter.call(Executors.java:515)
java.base/java.util.concurrent.FutureTask.runAndReset(FutureTask.java:305)
java.base/java.util.concurrent.ScheduledThreadPoolExecutor$ScheduledFutureTask.run(ScheduledThreadPoolExecutor.java:305)
java.base/java.util.concurrent.ThreadPoolExecutor.runWorker(ThreadPoolExecutor.java:1128)
java.base/java.util.concurrent.ThreadPoolExecutor$Worker.run(ThreadPoolExecutor.java:628)
java.base/java.lang.Thread.run(Thread.java:834)
timeBetweenEvictionRunsMillis: -1
startEvictor: Evictor: null
setTimeBetweenEvictionRunsMillis: Evictor: null
GenericKeyedObjectPoolConfig [lifo=true, fairness=false, maxWaitMillis=0, minEvictableIdleTimeMillis=1800000, softMinEvictableIdleTimeMillis=-1, numTestsPerEvictionRun=3, evictionPolicyClassName=org.apache.tomcat.dbcp.pool2.impl.DefaultEvictionPolicy, testOnCreate=false, testOnBorrow=false, testOnReturn=false, testWhileIdle=false, timeBetweenEvictionRunsMillis=-1, blockWhenExhausted=false, jmxEnabled=false, jmxNamePrefix=pool, jmxNameBase=null, minIdlePerKey=0, maxIdlePerKey=1, maxTotalPerKey=-1, maxTotal=-1]
org.apache.tomcat.dbcp.dbcp2.PoolableConnectionFactory.makeObject(PoolableConnectionFactory.java:398)
org.apache.tomcat.dbcp.pool2.impl.GenericObjectPool.create(GenericObjectPool.java:901)
org.apache.tomcat.dbcp.pool2.impl.GenericObjectPool.ensureIdle(GenericObjectPool.java:972)
org.apache.tomcat.dbcp.pool2.impl.GenericObjectPool.ensureMinIdle(GenericObjectPool.java:950)
org.apache.tomcat.dbcp.pool2.impl.BaseGenericObjectPool$Evictor.run(BaseGenericObjectPool.java:1163)
java.base/java.util.concurrent.Executors$RunnableAdapter.call(Executors.java:515)
java.base/java.util.concurrent.FutureTask.runAndReset(FutureTask.java:305)
java.base/java.util.concurrent.ScheduledThreadPoolExecutor$ScheduledFutureTask.run(ScheduledThreadPoolExecutor.java:305)
java.base/java.util.concurrent.ThreadPoolExecutor.runWorker(ThreadPoolExecutor.java:1128)
java.base/java.util.concurrent.ThreadPoolExecutor$Worker.run(ThreadPoolExecutor.java:628)
java.base/java.lang.Thread.run(Thread.java:834)
NumActive: 1
NumIdle: 5
main
Reference Handler
Finalizer
Signal Dispatcher
Common-Cleaner
MVStore background writer nio:/root/test.mv.db
commons-pool-evictor-thread
commons-pool-evictor-thread:14 is alive.
Evict: true
org.apache.tomcat.dbcp.pool2.impl.GenericObjectPool#destroy: class org.apache.tomcat.dbcp.dbcp2.PoolableConnectionFactory
org.apache.tomcat.dbcp.dbcp2.PoolableConnectionFactory#destroyObject: class org.apache.tomcat.dbcp.dbcp2.PoolableConnection
org.apache.tomcat.dbcp.dbcp2.PoolableConnection#closeInternal: class org.apache.tomcat.dbcp.dbcp2.PoolingConnection
org.apache.tomcat.dbcp.dbcp2.PoolingConnection#close
org.apache.tomcat.dbcp.pool2.impl.GenericKeyedObjectPool#stopEvictor
startEvictor: Evictor: null
Evict: true
org.apache.tomcat.dbcp.pool2.impl.GenericObjectPool#destroy: class org.apache.tomcat.dbcp.dbcp2.PoolableConnectionFactory
org.apache.tomcat.dbcp.dbcp2.PoolableConnectionFactory#destroyObject: class org.apache.tomcat.dbcp.dbcp2.PoolableConnection
org.apache.tomcat.dbcp.dbcp2.PoolableConnection#closeInternal: class org.apache.tomcat.dbcp.dbcp2.PoolingConnection
org.apache.tomcat.dbcp.dbcp2.PoolingConnection#close
org.apache.tomcat.dbcp.pool2.impl.GenericKeyedObjectPool#stopEvictor
startEvictor: Evictor: null
timeBetweenEvictionRunsMillis: -1
startEvictor: Evictor: null
setTimeBetweenEvictionRunsMillis: Evictor: null
GenericKeyedObjectPoolConfig [lifo=true, fairness=false, maxWaitMillis=0, minEvictableIdleTimeMillis=1800000, softMinEvictableIdleTimeMillis=-1, numTestsPerEvictionRun=3, evictionPolicyClassName=org.apache.tomcat.dbcp.pool2.impl.DefaultEvictionPolicy, testOnCreate=false, testOnBorrow=false, testOnReturn=false, testWhileIdle=false, timeBetweenEvictionRunsMillis=-1, blockWhenExhausted=false, jmxEnabled=false, jmxNamePrefix=pool, jmxNameBase=null, minIdlePerKey=0, maxIdlePerKey=1, maxTotalPerKey=-1, maxTotal=-1]
org.apache.tomcat.dbcp.dbcp2.PoolableConnectionFactory.makeObject(PoolableConnectionFactory.java:398)
org.apache.tomcat.dbcp.pool2.impl.GenericObjectPool.create(GenericObjectPool.java:901)
org.apache.tomcat.dbcp.pool2.impl.GenericObjectPool.ensureIdle(GenericObjectPool.java:972)
org.apache.tomcat.dbcp.pool2.impl.GenericObjectPool.ensureMinIdle(GenericObjectPool.java:950)
org.apache.tomcat.dbcp.pool2.impl.BaseGenericObjectPool$Evictor.run(BaseGenericObjectPool.java:1163)
java.base/java.util.concurrent.Executors$RunnableAdapter.call(Executors.java:515)
java.base/java.util.concurrent.FutureTask.runAndReset(FutureTask.java:305)
java.base/java.util.concurrent.ScheduledThreadPoolExecutor$ScheduledFutureTask.run(ScheduledThreadPoolExecutor.java:305)
java.base/java.util.concurrent.ThreadPoolExecutor.runWorker(ThreadPoolExecutor.java:1128)
java.base/java.util.concurrent.ThreadPoolExecutor$Worker.run(ThreadPoolExecutor.java:628)
java.base/java.lang.Thread.run(Thread.java:834)
timeBetweenEvictionRunsMillis: -1
startEvictor: Evictor: null
setTimeBetweenEvictionRunsMillis: Evictor: null
GenericKeyedObjectPoolConfig [lifo=true, fairness=false, maxWaitMillis=0, minEvictableIdleTimeMillis=1800000, softMinEvictableIdleTimeMillis=-1, numTestsPerEvictionRun=3, evictionPolicyClassName=org.apache.tomcat.dbcp.pool2.impl.DefaultEvictionPolicy, testOnCreate=false, testOnBorrow=false, testOnReturn=false, testWhileIdle=false, timeBetweenEvictionRunsMillis=-1, blockWhenExhausted=false, jmxEnabled=false, jmxNamePrefix=pool, jmxNameBase=null, minIdlePerKey=0, maxIdlePerKey=1, maxTotalPerKey=-1, maxTotal=-1]
org.apache.tomcat.dbcp.dbcp2.PoolableConnectionFactory.makeObject(PoolableConnectionFactory.java:398)
org.apache.tomcat.dbcp.pool2.impl.GenericObjectPool.create(GenericObjectPool.java:901)
org.apache.tomcat.dbcp.pool2.impl.GenericObjectPool.ensureIdle(GenericObjectPool.java:972)
org.apache.tomcat.dbcp.pool2.impl.GenericObjectPool.ensureMinIdle(GenericObjectPool.java:950)
org.apache.tomcat.dbcp.pool2.impl.BaseGenericObjectPool$Evictor.run(BaseGenericObjectPool.java:1163)
java.base/java.util.concurrent.Executors$RunnableAdapter.call(Executors.java:515)
java.base/java.util.concurrent.FutureTask.runAndReset(FutureTask.java:305)
java.base/java.util.concurrent.ScheduledThreadPoolExecutor$ScheduledFutureTask.run(ScheduledThreadPoolExecutor.java:305)
java.base/java.util.concurrent.ThreadPoolExecutor.runWorker(ThreadPoolExecutor.java:1128)
java.base/java.util.concurrent.ThreadPoolExecutor$Worker.run(ThreadPoolExecutor.java:628)
java.base/java.lang.Thread.run(Thread.java:834)
NumActive: 1
NumIdle: 5
main
Reference Handler
Finalizer
Signal Dispatcher
Common-Cleaner
MVStore background writer nio:/root/test.mv.db
commons-pool-evictor-thread
commons-pool-evictor-thread:14 is alive.
Evict: true
org.apache.tomcat.dbcp.pool2.impl.GenericObjectPool#destroy: class org.apache.tomcat.dbcp.dbcp2.PoolableConnectionFactory
org.apache.tomcat.dbcp.dbcp2.PoolableConnectionFactory#destroyObject: class org.apache.tomcat.dbcp.dbcp2.PoolableConnection
org.apache.tomcat.dbcp.dbcp2.PoolableConnection#closeInternal: class org.apache.tomcat.dbcp.dbcp2.PoolingConnection
org.apache.tomcat.dbcp.dbcp2.PoolingConnection#close
org.apache.tomcat.dbcp.pool2.impl.GenericKeyedObjectPool#stopEvictor
startEvictor: Evictor: null
Evict: true
org.apache.tomcat.dbcp.pool2.impl.GenericObjectPool#destroy: class org.apache.tomcat.dbcp.dbcp2.PoolableConnectionFactory
org.apache.tomcat.dbcp.dbcp2.PoolableConnectionFactory#destroyObject: class org.apache.tomcat.dbcp.dbcp2.PoolableConnection
org.apache.tomcat.dbcp.dbcp2.PoolableConnection#closeInternal: class org.apache.tomcat.dbcp.dbcp2.PoolingConnection
org.apache.tomcat.dbcp.dbcp2.PoolingConnection#close
org.apache.tomcat.dbcp.pool2.impl.GenericKeyedObjectPool#stopEvictor
startEvictor: Evictor: null
timeBetweenEvictionRunsMillis: -1
startEvictor: Evictor: null
setTimeBetweenEvictionRunsMillis: Evictor: null
GenericKeyedObjectPoolConfig [lifo=true, fairness=false, maxWaitMillis=0, minEvictableIdleTimeMillis=1800000, softMinEvictableIdleTimeMillis=-1, numTestsPerEvictionRun=3, evictionPolicyClassName=org.apache.tomcat.dbcp.pool2.impl.DefaultEvictionPolicy, testOnCreate=false, testOnBorrow=false, testOnReturn=false, testWhileIdle=false, timeBetweenEvictionRunsMillis=-1, blockWhenExhausted=false, jmxEnabled=false, jmxNamePrefix=pool, jmxNameBase=null, minIdlePerKey=0, maxIdlePerKey=1, maxTotalPerKey=-1, maxTotal=-1]
org.apache.tomcat.dbcp.dbcp2.PoolableConnectionFactory.makeObject(PoolableConnectionFactory.java:398)
org.apache.tomcat.dbcp.pool2.impl.GenericObjectPool.create(GenericObjectPool.java:901)
org.apache.tomcat.dbcp.pool2.impl.GenericObjectPool.ensureIdle(GenericObjectPool.java:972)
org.apache.tomcat.dbcp.pool2.impl.GenericObjectPool.ensureMinIdle(GenericObjectPool.java:950)
org.apache.tomcat.dbcp.pool2.impl.BaseGenericObjectPool$Evictor.run(BaseGenericObjectPool.java:1163)
java.base/java.util.concurrent.Executors$RunnableAdapter.call(Executors.java:515)
java.base/java.util.concurrent.FutureTask.runAndReset(FutureTask.java:305)
java.base/java.util.concurrent.ScheduledThreadPoolExecutor$ScheduledFutureTask.run(ScheduledThreadPoolExecutor.java:305)
java.base/java.util.concurrent.ThreadPoolExecutor.runWorker(ThreadPoolExecutor.java:1128)
java.base/java.util.concurrent.ThreadPoolExecutor$Worker.run(ThreadPoolExecutor.java:628)
java.base/java.lang.Thread.run(Thread.java:834)
timeBetweenEvictionRunsMillis: -1
startEvictor: Evictor: null
setTimeBetweenEvictionRunsMillis: Evictor: null
GenericKeyedObjectPoolConfig [lifo=true, fairness=false, maxWaitMillis=0, minEvictableIdleTimeMillis=1800000, softMinEvictableIdleTimeMillis=-1, numTestsPerEvictionRun=3, evictionPolicyClassName=org.apache.tomcat.dbcp.pool2.impl.DefaultEvictionPolicy, testOnCreate=false, testOnBorrow=false, testOnReturn=false, testWhileIdle=false, timeBetweenEvictionRunsMillis=-1, blockWhenExhausted=false, jmxEnabled=false, jmxNamePrefix=pool, jmxNameBase=null, minIdlePerKey=0, maxIdlePerKey=1, maxTotalPerKey=-1, maxTotal=-1]
org.apache.tomcat.dbcp.dbcp2.PoolableConnectionFactory.makeObject(PoolableConnectionFactory.java:398)
org.apache.tomcat.dbcp.pool2.impl.GenericObjectPool.create(GenericObjectPool.java:901)
org.apache.tomcat.dbcp.pool2.impl.GenericObjectPool.ensureIdle(GenericObjectPool.java:972)
org.apache.tomcat.dbcp.pool2.impl.GenericObjectPool.ensureMinIdle(GenericObjectPool.java:950)
org.apache.tomcat.dbcp.pool2.impl.BaseGenericObjectPool$Evictor.run(BaseGenericObjectPool.java:1163)
java.base/java.util.concurrent.Executors$RunnableAdapter.call(Executors.java:515)
java.base/java.util.concurrent.FutureTask.runAndReset(FutureTask.java:305)
java.base/java.util.concurrent.ScheduledThreadPoolExecutor$ScheduledFutureTask.run(ScheduledThreadPoolExecutor.java:305)
java.base/java.util.concurrent.ThreadPoolExecutor.runWorker(ThreadPoolExecutor.java:1128)
java.base/java.util.concurrent.ThreadPoolExecutor$Worker.run(ThreadPoolExecutor.java:628)
java.base/java.lang.Thread.run(Thread.java:834)
NumActive: 1
NumIdle: 5
main
Reference Handler
Finalizer
Signal Dispatcher
Common-Cleaner
MVStore background writer nio:/root/test.mv.db
commons-pool-evictor-thread
commons-pool-evictor-thread:14 is alive.
Evict: true
org.apache.tomcat.dbcp.pool2.impl.GenericObjectPool#destroy: class org.apache.tomcat.dbcp.dbcp2.PoolableConnectionFactory
org.apache.tomcat.dbcp.dbcp2.PoolableConnectionFactory#destroyObject: class org.apache.tomcat.dbcp.dbcp2.PoolableConnection
org.apache.tomcat.dbcp.dbcp2.PoolableConnection#closeInternal: class org.apache.tomcat.dbcp.dbcp2.PoolingConnection
org.apache.tomcat.dbcp.dbcp2.PoolingConnection#close
org.apache.tomcat.dbcp.pool2.impl.GenericKeyedObjectPool#stopEvictor
startEvictor: Evictor: null
Evict: true
org.apache.tomcat.dbcp.pool2.impl.GenericObjectPool#destroy: class org.apache.tomcat.dbcp.dbcp2.PoolableConnectionFactory
org.apache.tomcat.dbcp.dbcp2.PoolableConnectionFactory#destroyObject: class org.apache.tomcat.dbcp.dbcp2.PoolableConnection
org.apache.tomcat.dbcp.dbcp2.PoolableConnection#closeInternal: class org.apache.tomcat.dbcp.dbcp2.PoolingConnection
org.apache.tomcat.dbcp.dbcp2.PoolingConnection#close
org.apache.tomcat.dbcp.pool2.impl.GenericKeyedObjectPool#stopEvictor
startEvictor: Evictor: null
timeBetweenEvictionRunsMillis: -1
startEvictor: Evictor: null
setTimeBetweenEvictionRunsMillis: Evictor: null
GenericKeyedObjectPoolConfig [lifo=true, fairness=false, maxWaitMillis=0, minEvictableIdleTimeMillis=1800000, softMinEvictableIdleTimeMillis=-1, numTestsPerEvictionRun=3, evictionPolicyClassName=org.apache.tomcat.dbcp.pool2.impl.DefaultEvictionPolicy, testOnCreate=false, testOnBorrow=false, testOnReturn=false, testWhileIdle=false, timeBetweenEvictionRunsMillis=-1, blockWhenExhausted=false, jmxEnabled=false, jmxNamePrefix=pool, jmxNameBase=null, minIdlePerKey=0, maxIdlePerKey=1, maxTotalPerKey=-1, maxTotal=-1]
org.apache.tomcat.dbcp.dbcp2.PoolableConnectionFactory.makeObject(PoolableConnectionFactory.java:398)
org.apache.tomcat.dbcp.pool2.impl.GenericObjectPool.create(GenericObjectPool.java:901)
org.apache.tomcat.dbcp.pool2.impl.GenericObjectPool.ensureIdle(GenericObjectPool.java:972)
org.apache.tomcat.dbcp.pool2.impl.GenericObjectPool.ensureMinIdle(GenericObjectPool.java:950)
org.apache.tomcat.dbcp.pool2.impl.BaseGenericObjectPool$Evictor.run(BaseGenericObjectPool.java:1163)
java.base/java.util.concurrent.Executors$RunnableAdapter.call(Executors.java:515)
java.base/java.util.concurrent.FutureTask.runAndReset(FutureTask.java:305)
java.base/java.util.concurrent.ScheduledThreadPoolExecutor$ScheduledFutureTask.run(ScheduledThreadPoolExecutor.java:305)
java.base/java.util.concurrent.ThreadPoolExecutor.runWorker(ThreadPoolExecutor.java:1128)
java.base/java.util.concurrent.ThreadPoolExecutor$Worker.run(ThreadPoolExecutor.java:628)
java.base/java.lang.Thread.run(Thread.java:834)
timeBetweenEvictionRunsMillis: -1
startEvictor: Evictor: null
setTimeBetweenEvictionRunsMillis: Evictor: null
GenericKeyedObjectPoolConfig [lifo=true, fairness=false, maxWaitMillis=0, minEvictableIdleTimeMillis=1800000, softMinEvictableIdleTimeMillis=-1, numTestsPerEvictionRun=3, evictionPolicyClassName=org.apache.tomcat.dbcp.pool2.impl.DefaultEvictionPolicy, testOnCreate=false, testOnBorrow=false, testOnReturn=false, testWhileIdle=false, timeBetweenEvictionRunsMillis=-1, blockWhenExhausted=false, jmxEnabled=false, jmxNamePrefix=pool, jmxNameBase=null, minIdlePerKey=0, maxIdlePerKey=1, maxTotalPerKey=-1, maxTotal=-1]
org.apache.tomcat.dbcp.dbcp2.PoolableConnectionFactory.makeObject(PoolableConnectionFactory.java:398)
org.apache.tomcat.dbcp.pool2.impl.GenericObjectPool.create(GenericObjectPool.java:901)
org.apache.tomcat.dbcp.pool2.impl.GenericObjectPool.ensureIdle(GenericObjectPool.java:972)
org.apache.tomcat.dbcp.pool2.impl.GenericObjectPool.ensureMinIdle(GenericObjectPool.java:950)
org.apache.tomcat.dbcp.pool2.impl.BaseGenericObjectPool$Evictor.run(BaseGenericObjectPool.java:1163)
java.base/java.util.concurrent.Executors$RunnableAdapter.call(Executors.java:515)
java.base/java.util.concurrent.FutureTask.runAndReset(FutureTask.java:305)
java.base/java.util.concurrent.ScheduledThreadPoolExecutor$ScheduledFutureTask.run(ScheduledThreadPoolExecutor.java:305)
java.base/java.util.concurrent.ThreadPoolExecutor.runWorker(ThreadPoolExecutor.java:1128)
java.base/java.util.concurrent.ThreadPoolExecutor$Worker.run(ThreadPoolExecutor.java:628)
java.base/java.lang.Thread.run(Thread.java:834)
NumActive: 1
NumIdle: 5
main
Reference Handler
Finalizer
Signal Dispatcher
Common-Cleaner
MVStore background writer nio:/root/test.mv.db
commons-pool-evictor-thread
commons-pool-evictor-thread:14 is alive.
Evict: true
org.apache.tomcat.dbcp.pool2.impl.GenericObjectPool#destroy: class org.apache.tomcat.dbcp.dbcp2.PoolableConnectionFactory
org.apache.tomcat.dbcp.dbcp2.PoolableConnectionFactory#destroyObject: class org.apache.tomcat.dbcp.dbcp2.PoolableConnection
org.apache.tomcat.dbcp.dbcp2.PoolableConnection#closeInternal: class org.apache.tomcat.dbcp.dbcp2.PoolingConnection
org.apache.tomcat.dbcp.dbcp2.PoolingConnection#close
org.apache.tomcat.dbcp.pool2.impl.GenericKeyedObjectPool#stopEvictor
startEvictor: Evictor: null
Evict: true
org.apache.tomcat.dbcp.pool2.impl.GenericObjectPool#destroy: class org.apache.tomcat.dbcp.dbcp2.PoolableConnectionFactory
org.apache.tomcat.dbcp.dbcp2.PoolableConnectionFactory#destroyObject: class org.apache.tomcat.dbcp.dbcp2.PoolableConnection
org.apache.tomcat.dbcp.dbcp2.PoolableConnection#closeInternal: class org.apache.tomcat.dbcp.dbcp2.PoolingConnection
org.apache.tomcat.dbcp.dbcp2.PoolingConnection#close
org.apache.tomcat.dbcp.pool2.impl.GenericKeyedObjectPool#stopEvictor
startEvictor: Evictor: null
timeBetweenEvictionRunsMillis: -1
startEvictor: Evictor: null
setTimeBetweenEvictionRunsMillis: Evictor: null
GenericKeyedObjectPoolConfig [lifo=true, fairness=false, maxWaitMillis=0, minEvictableIdleTimeMillis=1800000, softMinEvictableIdleTimeMillis=-1, numTestsPerEvictionRun=3, evictionPolicyClassName=org.apache.tomcat.dbcp.pool2.impl.DefaultEvictionPolicy, testOnCreate=false, testOnBorrow=false, testOnReturn=false, testWhileIdle=false, timeBetweenEvictionRunsMillis=-1, blockWhenExhausted=false, jmxEnabled=false, jmxNamePrefix=pool, jmxNameBase=null, minIdlePerKey=0, maxIdlePerKey=1, maxTotalPerKey=-1, maxTotal=-1]
org.apache.tomcat.dbcp.dbcp2.PoolableConnectionFactory.makeObject(PoolableConnectionFactory.java:398)
org.apache.tomcat.dbcp.pool2.impl.GenericObjectPool.create(GenericObjectPool.java:901)
org.apache.tomcat.dbcp.pool2.impl.GenericObjectPool.ensureIdle(GenericObjectPool.java:972)
org.apache.tomcat.dbcp.pool2.impl.GenericObjectPool.ensureMinIdle(GenericObjectPool.java:950)
org.apache.tomcat.dbcp.pool2.impl.BaseGenericObjectPool$Evictor.run(BaseGenericObjectPool.java:1163)
java.base/java.util.concurrent.Executors$RunnableAdapter.call(Executors.java:515)
java.base/java.util.concurrent.FutureTask.runAndReset(FutureTask.java:305)
java.base/java.util.concurrent.ScheduledThreadPoolExecutor$ScheduledFutureTask.run(ScheduledThreadPoolExecutor.java:305)
java.base/java.util.concurrent.ThreadPoolExecutor.runWorker(ThreadPoolExecutor.java:1128)
java.base/java.util.concurrent.ThreadPoolExecutor$Worker.run(ThreadPoolExecutor.java:628)
java.base/java.lang.Thread.run(Thread.java:834)
timeBetweenEvictionRunsMillis: -1
startEvictor: Evictor: null
setTimeBetweenEvictionRunsMillis: Evictor: null
GenericKeyedObjectPoolConfig [lifo=true, fairness=false, maxWaitMillis=0, minEvictableIdleTimeMillis=1800000, softMinEvictableIdleTimeMillis=-1, numTestsPerEvictionRun=3, evictionPolicyClassName=org.apache.tomcat.dbcp.pool2.impl.DefaultEvictionPolicy, testOnCreate=false, testOnBorrow=false, testOnReturn=false, testWhileIdle=false, timeBetweenEvictionRunsMillis=-1, blockWhenExhausted=false, jmxEnabled=false, jmxNamePrefix=pool, jmxNameBase=null, minIdlePerKey=0, maxIdlePerKey=1, maxTotalPerKey=-1, maxTotal=-1]
org.apache.tomcat.dbcp.dbcp2.PoolableConnectionFactory.makeObject(PoolableConnectionFactory.java:398)
org.apache.tomcat.dbcp.pool2.impl.GenericObjectPool.create(GenericObjectPool.java:901)
org.apache.tomcat.dbcp.pool2.impl.GenericObjectPool.ensureIdle(GenericObjectPool.java:972)
org.apache.tomcat.dbcp.pool2.impl.GenericObjectPool.ensureMinIdle(GenericObjectPool.java:950)
org.apache.tomcat.dbcp.pool2.impl.BaseGenericObjectPool$Evictor.run(BaseGenericObjectPool.java:1163)
java.base/java.util.concurrent.Executors$RunnableAdapter.call(Executors.java:515)
java.base/java.util.concurrent.FutureTask.runAndReset(FutureTask.java:305)
java.base/java.util.concurrent.ScheduledThreadPoolExecutor$ScheduledFutureTask.run(ScheduledThreadPoolExecutor.java:305)
java.base/java.util.concurrent.ThreadPoolExecutor.runWorker(ThreadPoolExecutor.java:1128)
java.base/java.util.concurrent.ThreadPoolExecutor$Worker.run(ThreadPoolExecutor.java:628)
java.base/java.lang.Thread.run(Thread.java:834)
NumActive: 1
NumIdle: 5
main
Reference Handler
Finalizer
Signal Dispatcher
Common-Cleaner
MVStore background writer nio:/root/test.mv.db
commons-pool-evictor-thread
commons-pool-evictor-thread:14 is alive.
Evict: true
org.apache.tomcat.dbcp.pool2.impl.GenericObjectPool#destroy: class org.apache.tomcat.dbcp.dbcp2.PoolableConnectionFactory
org.apache.tomcat.dbcp.dbcp2.PoolableConnectionFactory#destroyObject: class org.apache.tomcat.dbcp.dbcp2.PoolableConnection
org.apache.tomcat.dbcp.dbcp2.PoolableConnection#closeInternal: class org.apache.tomcat.dbcp.dbcp2.PoolingConnection
org.apache.tomcat.dbcp.dbcp2.PoolingConnection#close
org.apache.tomcat.dbcp.pool2.impl.GenericKeyedObjectPool#stopEvictor
startEvictor: Evictor: null
Evict: true
org.apache.tomcat.dbcp.pool2.impl.GenericObjectPool#destroy: class org.apache.tomcat.dbcp.dbcp2.PoolableConnectionFactory
org.apache.tomcat.dbcp.dbcp2.PoolableConnectionFactory#destroyObject: class org.apache.tomcat.dbcp.dbcp2.PoolableConnection
org.apache.tomcat.dbcp.dbcp2.PoolableConnection#closeInternal: class org.apache.tomcat.dbcp.dbcp2.PoolingConnection
org.apache.tomcat.dbcp.dbcp2.PoolingConnection#close
org.apache.tomcat.dbcp.pool2.impl.GenericKeyedObjectPool#stopEvictor
startEvictor: Evictor: null
timeBetweenEvictionRunsMillis: -1
startEvictor: Evictor: null
setTimeBetweenEvictionRunsMillis: Evictor: null
GenericKeyedObjectPoolConfig [lifo=true, fairness=false, maxWaitMillis=0, minEvictableIdleTimeMillis=1800000, softMinEvictableIdleTimeMillis=-1, numTestsPerEvictionRun=3, evictionPolicyClassName=org.apache.tomcat.dbcp.pool2.impl.DefaultEvictionPolicy, testOnCreate=false, testOnBorrow=false, testOnReturn=false, testWhileIdle=false, timeBetweenEvictionRunsMillis=-1, blockWhenExhausted=false, jmxEnabled=false, jmxNamePrefix=pool, jmxNameBase=null, minIdlePerKey=0, maxIdlePerKey=1, maxTotalPerKey=-1, maxTotal=-1]
org.apache.tomcat.dbcp.dbcp2.PoolableConnectionFactory.makeObject(PoolableConnectionFactory.java:398)
org.apache.tomcat.dbcp.pool2.impl.GenericObjectPool.create(GenericObjectPool.java:901)
org.apache.tomcat.dbcp.pool2.impl.GenericObjectPool.ensureIdle(GenericObjectPool.java:972)
org.apache.tomcat.dbcp.pool2.impl.GenericObjectPool.ensureMinIdle(GenericObjectPool.java:950)
org.apache.tomcat.dbcp.pool2.impl.BaseGenericObjectPool$Evictor.run(BaseGenericObjectPool.java:1163)
java.base/java.util.concurrent.Executors$RunnableAdapter.call(Executors.java:515)
java.base/java.util.concurrent.FutureTask.runAndReset(FutureTask.java:305)
java.base/java.util.concurrent.ScheduledThreadPoolExecutor$ScheduledFutureTask.run(ScheduledThreadPoolExecutor.java:305)
java.base/java.util.concurrent.ThreadPoolExecutor.runWorker(ThreadPoolExecutor.java:1128)
java.base/java.util.concurrent.ThreadPoolExecutor$Worker.run(ThreadPoolExecutor.java:628)
java.base/java.lang.Thread.run(Thread.java:834)
timeBetweenEvictionRunsMillis: -1
startEvictor: Evictor: null
setTimeBetweenEvictionRunsMillis: Evictor: null
GenericKeyedObjectPoolConfig [lifo=true, fairness=false, maxWaitMillis=0, minEvictableIdleTimeMillis=1800000, softMinEvictableIdleTimeMillis=-1, numTestsPerEvictionRun=3, evictionPolicyClassName=org.apache.tomcat.dbcp.pool2.impl.DefaultEvictionPolicy, testOnCreate=false, testOnBorrow=false, testOnReturn=false, testWhileIdle=false, timeBetweenEvictionRunsMillis=-1, blockWhenExhausted=false, jmxEnabled=false, jmxNamePrefix=pool, jmxNameBase=null, minIdlePerKey=0, maxIdlePerKey=1, maxTotalPerKey=-1, maxTotal=-1]
org.apache.tomcat.dbcp.dbcp2.PoolableConnectionFactory.makeObject(PoolableConnectionFactory.java:398)
org.apache.tomcat.dbcp.pool2.impl.GenericObjectPool.create(GenericObjectPool.java:901)
org.apache.tomcat.dbcp.pool2.impl.GenericObjectPool.ensureIdle(GenericObjectPool.java:972)
org.apache.tomcat.dbcp.pool2.impl.GenericObjectPool.ensureMinIdle(GenericObjectPool.java:950)
org.apache.tomcat.dbcp.pool2.impl.BaseGenericObjectPool$Evictor.run(BaseGenericObjectPool.java:1163)
java.base/java.util.concurrent.Executors$RunnableAdapter.call(Executors.java:515)
java.base/java.util.concurrent.FutureTask.runAndReset(FutureTask.java:305)
java.base/java.util.concurrent.ScheduledThreadPoolExecutor$ScheduledFutureTask.run(ScheduledThreadPoolExecutor.java:305)
java.base/java.util.concurrent.ThreadPoolExecutor.runWorker(ThreadPoolExecutor.java:1128)
java.base/java.util.concurrent.ThreadPoolExecutor$Worker.run(ThreadPoolExecutor.java:628)
java.base/java.lang.Thread.run(Thread.java:834)
NumActive: 1
NumIdle: 5
main
Reference Handler
Finalizer
Signal Dispatcher
Common-Cleaner
MVStore background writer nio:/root/test.mv.db
commons-pool-evictor-thread
commons-pool-evictor-thread:14 is alive.
Evict: true
org.apache.tomcat.dbcp.pool2.impl.GenericObjectPool#destroy: class org.apache.tomcat.dbcp.dbcp2.PoolableConnectionFactory
org.apache.tomcat.dbcp.dbcp2.PoolableConnectionFactory#destroyObject: class org.apache.tomcat.dbcp.dbcp2.PoolableConnection
org.apache.tomcat.dbcp.dbcp2.PoolableConnection#closeInternal: class org.apache.tomcat.dbcp.dbcp2.PoolingConnection
org.apache.tomcat.dbcp.dbcp2.PoolingConnection#close
org.apache.tomcat.dbcp.pool2.impl.GenericKeyedObjectPool#stopEvictor
startEvictor: Evictor: null
Evict: true
org.apache.tomcat.dbcp.pool2.impl.GenericObjectPool#destroy: class org.apache.tomcat.dbcp.dbcp2.PoolableConnectionFactory
org.apache.tomcat.dbcp.dbcp2.PoolableConnectionFactory#destroyObject: class org.apache.tomcat.dbcp.dbcp2.PoolableConnection
org.apache.tomcat.dbcp.dbcp2.PoolableConnection#closeInternal: class org.apache.tomcat.dbcp.dbcp2.PoolingConnection
org.apache.tomcat.dbcp.dbcp2.PoolingConnection#close
org.apache.tomcat.dbcp.pool2.impl.GenericKeyedObjectPool#stopEvictor
startEvictor: Evictor: null
timeBetweenEvictionRunsMillis: -1
startEvictor: Evictor: null
setTimeBetweenEvictionRunsMillis: Evictor: null
GenericKeyedObjectPoolConfig [lifo=true, fairness=false, maxWaitMillis=0, minEvictableIdleTimeMillis=1800000, softMinEvictableIdleTimeMillis=-1, numTestsPerEvictionRun=3, evictionPolicyClassName=org.apache.tomcat.dbcp.pool2.impl.DefaultEvictionPolicy, testOnCreate=false, testOnBorrow=false, testOnReturn=false, testWhileIdle=false, timeBetweenEvictionRunsMillis=-1, blockWhenExhausted=false, jmxEnabled=false, jmxNamePrefix=pool, jmxNameBase=null, minIdlePerKey=0, maxIdlePerKey=1, maxTotalPerKey=-1, maxTotal=-1]
org.apache.tomcat.dbcp.dbcp2.PoolableConnectionFactory.makeObject(PoolableConnectionFactory.java:398)
org.apache.tomcat.dbcp.pool2.impl.GenericObjectPool.create(GenericObjectPool.java:901)
org.apache.tomcat.dbcp.pool2.impl.GenericObjectPool.ensureIdle(GenericObjectPool.java:972)
org.apache.tomcat.dbcp.pool2.impl.GenericObjectPool.ensureMinIdle(GenericObjectPool.java:950)
org.apache.tomcat.dbcp.pool2.impl.BaseGenericObjectPool$Evictor.run(BaseGenericObjectPool.java:1163)
java.base/java.util.concurrent.Executors$RunnableAdapter.call(Executors.java:515)
java.base/java.util.concurrent.FutureTask.runAndReset(FutureTask.java:305)
java.base/java.util.concurrent.ScheduledThreadPoolExecutor$ScheduledFutureTask.run(ScheduledThreadPoolExecutor.java:305)
java.base/java.util.concurrent.ThreadPoolExecutor.runWorker(ThreadPoolExecutor.java:1128)
java.base/java.util.concurrent.ThreadPoolExecutor$Worker.run(ThreadPoolExecutor.java:628)
java.base/java.lang.Thread.run(Thread.java:834)
timeBetweenEvictionRunsMillis: -1
startEvictor: Evictor: null
setTimeBetweenEvictionRunsMillis: Evictor: null
GenericKeyedObjectPoolConfig [lifo=true, fairness=false, maxWaitMillis=0, minEvictableIdleTimeMillis=1800000, softMinEvictableIdleTimeMillis=-1, numTestsPerEvictionRun=3, evictionPolicyClassName=org.apache.tomcat.dbcp.pool2.impl.DefaultEvictionPolicy, testOnCreate=false, testOnBorrow=false, testOnReturn=false, testWhileIdle=false, timeBetweenEvictionRunsMillis=-1, blockWhenExhausted=false, jmxEnabled=false, jmxNamePrefix=pool, jmxNameBase=null, minIdlePerKey=0, maxIdlePerKey=1, maxTotalPerKey=-1, maxTotal=-1]
org.apache.tomcat.dbcp.dbcp2.PoolableConnectionFactory.makeObject(PoolableConnectionFactory.java:398)
org.apache.tomcat.dbcp.pool2.impl.GenericObjectPool.create(GenericObjectPool.java:901)
org.apache.tomcat.dbcp.pool2.impl.GenericObjectPool.ensureIdle(GenericObjectPool.java:972)
org.apache.tomcat.dbcp.pool2.impl.GenericObjectPool.ensureMinIdle(GenericObjectPool.java:950)
org.apache.tomcat.dbcp.pool2.impl.BaseGenericObjectPool$Evictor.run(BaseGenericObjectPool.java:1163)
java.base/java.util.concurrent.Executors$RunnableAdapter.call(Executors.java:515)
java.base/java.util.concurrent.FutureTask.runAndReset(FutureTask.java:305)
java.base/java.util.concurrent.ScheduledThreadPoolExecutor$ScheduledFutureTask.run(ScheduledThreadPoolExecutor.java:305)
java.base/java.util.concurrent.ThreadPoolExecutor.runWorker(ThreadPoolExecutor.java:1128)
java.base/java.util.concurrent.ThreadPoolExecutor$Worker.run(ThreadPoolExecutor.java:628)
java.base/java.lang.Thread.run(Thread.java:834)
NumActive: 1
NumIdle: 5
main
Reference Handler
Finalizer
Signal Dispatcher
Common-Cleaner
MVStore background writer nio:/root/test.mv.db
commons-pool-evictor-thread
commons-pool-evictor-thread:14 is alive.
Evict: true
org.apache.tomcat.dbcp.pool2.impl.GenericObjectPool#destroy: class org.apache.tomcat.dbcp.dbcp2.PoolableConnectionFactory
org.apache.tomcat.dbcp.dbcp2.PoolableConnectionFactory#destroyObject: class org.apache.tomcat.dbcp.dbcp2.PoolableConnection
org.apache.tomcat.dbcp.dbcp2.PoolableConnection#closeInternal: class org.apache.tomcat.dbcp.dbcp2.PoolingConnection
org.apache.tomcat.dbcp.dbcp2.PoolingConnection#close
org.apache.tomcat.dbcp.pool2.impl.GenericKeyedObjectPool#stopEvictor
startEvictor: Evictor: null
Evict: true
org.apache.tomcat.dbcp.pool2.impl.GenericObjectPool#destroy: class org.apache.tomcat.dbcp.dbcp2.PoolableConnectionFactory
org.apache.tomcat.dbcp.dbcp2.PoolableConnectionFactory#destroyObject: class org.apache.tomcat.dbcp.dbcp2.PoolableConnection
org.apache.tomcat.dbcp.dbcp2.PoolableConnection#closeInternal: class org.apache.tomcat.dbcp.dbcp2.PoolingConnection
org.apache.tomcat.dbcp.dbcp2.PoolingConnection#close
org.apache.tomcat.dbcp.pool2.impl.GenericKeyedObjectPool#stopEvictor
startEvictor: Evictor: null
timeBetweenEvictionRunsMillis: -1
startEvictor: Evictor: null
setTimeBetweenEvictionRunsMillis: Evictor: null
GenericKeyedObjectPoolConfig [lifo=true, fairness=false, maxWaitMillis=0, minEvictableIdleTimeMillis=1800000, softMinEvictableIdleTimeMillis=-1, numTestsPerEvictionRun=3, evictionPolicyClassName=org.apache.tomcat.dbcp.pool2.impl.DefaultEvictionPolicy, testOnCreate=false, testOnBorrow=false, testOnReturn=false, testWhileIdle=false, timeBetweenEvictionRunsMillis=-1, blockWhenExhausted=false, jmxEnabled=false, jmxNamePrefix=pool, jmxNameBase=null, minIdlePerKey=0, maxIdlePerKey=1, maxTotalPerKey=-1, maxTotal=-1]
org.apache.tomcat.dbcp.dbcp2.PoolableConnectionFactory.makeObject(PoolableConnectionFactory.java:398)
org.apache.tomcat.dbcp.pool2.impl.GenericObjectPool.create(GenericObjectPool.java:901)
org.apache.tomcat.dbcp.pool2.impl.GenericObjectPool.ensureIdle(GenericObjectPool.java:972)
org.apache.tomcat.dbcp.pool2.impl.GenericObjectPool.ensureMinIdle(GenericObjectPool.java:950)
org.apache.tomcat.dbcp.pool2.impl.BaseGenericObjectPool$Evictor.run(BaseGenericObjectPool.java:1163)
java.base/java.util.concurrent.Executors$RunnableAdapter.call(Executors.java:515)
java.base/java.util.concurrent.FutureTask.runAndReset(FutureTask.java:305)
java.base/java.util.concurrent.ScheduledThreadPoolExecutor$ScheduledFutureTask.run(ScheduledThreadPoolExecutor.java:305)
java.base/java.util.concurrent.ThreadPoolExecutor.runWorker(ThreadPoolExecutor.java:1128)
java.base/java.util.concurrent.ThreadPoolExecutor$Worker.run(ThreadPoolExecutor.java:628)
java.base/java.lang.Thread.run(Thread.java:834)
timeBetweenEvictionRunsMillis: -1
startEvictor: Evictor: null
setTimeBetweenEvictionRunsMillis: Evictor: null
GenericKeyedObjectPoolConfig [lifo=true, fairness=false, maxWaitMillis=0, minEvictableIdleTimeMillis=1800000, softMinEvictableIdleTimeMillis=-1, numTestsPerEvictionRun=3, evictionPolicyClassName=org.apache.tomcat.dbcp.pool2.impl.DefaultEvictionPolicy, testOnCreate=false, testOnBorrow=false, testOnReturn=false, testWhileIdle=false, timeBetweenEvictionRunsMillis=-1, blockWhenExhausted=false, jmxEnabled=false, jmxNamePrefix=pool, jmxNameBase=null, minIdlePerKey=0, maxIdlePerKey=1, maxTotalPerKey=-1, maxTotal=-1]
org.apache.tomcat.dbcp.dbcp2.PoolableConnectionFactory.makeObject(PoolableConnectionFactory.java:398)
org.apache.tomcat.dbcp.pool2.impl.GenericObjectPool.create(GenericObjectPool.java:901)
org.apache.tomcat.dbcp.pool2.impl.GenericObjectPool.ensureIdle(GenericObjectPool.java:972)
org.apache.tomcat.dbcp.pool2.impl.GenericObjectPool.ensureMinIdle(GenericObjectPool.java:950)
org.apache.tomcat.dbcp.pool2.impl.BaseGenericObjectPool$Evictor.run(BaseGenericObjectPool.java:1163)
java.base/java.util.concurrent.Executors$RunnableAdapter.call(Executors.java:515)
java.base/java.util.concurrent.FutureTask.runAndReset(FutureTask.java:305)
java.base/java.util.concurrent.ScheduledThreadPoolExecutor$ScheduledFutureTask.run(ScheduledThreadPoolExecutor.java:305)
java.base/java.util.concurrent.ThreadPoolExecutor.runWorker(ThreadPoolExecutor.java:1128)
java.base/java.util.concurrent.ThreadPoolExecutor$Worker.run(ThreadPoolExecutor.java:628)
java.base/java.lang.Thread.run(Thread.java:834)
NumActive: 1
NumIdle: 5
main
Reference Handler
Finalizer
Signal Dispatcher
Common-Cleaner
MVStore background writer nio:/root/test.mv.db
commons-pool-evictor-thread
commons-pool-evictor-thread:14 is alive.
Evict: true
org.apache.tomcat.dbcp.pool2.impl.GenericObjectPool#destroy: class org.apache.tomcat.dbcp.dbcp2.PoolableConnectionFactory
org.apache.tomcat.dbcp.dbcp2.PoolableConnectionFactory#destroyObject: class org.apache.tomcat.dbcp.dbcp2.PoolableConnection
org.apache.tomcat.dbcp.dbcp2.PoolableConnection#closeInternal: class org.apache.tomcat.dbcp.dbcp2.PoolingConnection
org.apache.tomcat.dbcp.dbcp2.PoolingConnection#close
org.apache.tomcat.dbcp.pool2.impl.GenericKeyedObjectPool#stopEvictor
startEvictor: Evictor: null
Evict: true
org.apache.tomcat.dbcp.pool2.impl.GenericObjectPool#destroy: class org.apache.tomcat.dbcp.dbcp2.PoolableConnectionFactory
org.apache.tomcat.dbcp.dbcp2.PoolableConnectionFactory#destroyObject: class org.apache.tomcat.dbcp.dbcp2.PoolableConnection
org.apache.tomcat.dbcp.dbcp2.PoolableConnection#closeInternal: class org.apache.tomcat.dbcp.dbcp2.PoolingConnection
org.apache.tomcat.dbcp.dbcp2.PoolingConnection#close
org.apache.tomcat.dbcp.pool2.impl.GenericKeyedObjectPool#stopEvictor
startEvictor: Evictor: null
timeBetweenEvictionRunsMillis: -1
startEvictor: Evictor: null
setTimeBetweenEvictionRunsMillis: Evictor: null
GenericKeyedObjectPoolConfig [lifo=true, fairness=false, maxWaitMillis=0, minEvictableIdleTimeMillis=1800000, softMinEvictableIdleTimeMillis=-1, numTestsPerEvictionRun=3, evictionPolicyClassName=org.apache.tomcat.dbcp.pool2.impl.DefaultEvictionPolicy, testOnCreate=false, testOnBorrow=false, testOnReturn=false, testWhileIdle=false, timeBetweenEvictionRunsMillis=-1, blockWhenExhausted=false, jmxEnabled=false, jmxNamePrefix=pool, jmxNameBase=null, minIdlePerKey=0, maxIdlePerKey=1, maxTotalPerKey=-1, maxTotal=-1]
org.apache.tomcat.dbcp.dbcp2.PoolableConnectionFactory.makeObject(PoolableConnectionFactory.java:398)
org.apache.tomcat.dbcp.pool2.impl.GenericObjectPool.create(GenericObjectPool.java:901)
org.apache.tomcat.dbcp.pool2.impl.GenericObjectPool.ensureIdle(GenericObjectPool.java:972)
org.apache.tomcat.dbcp.pool2.impl.GenericObjectPool.ensureMinIdle(GenericObjectPool.java:950)
org.apache.tomcat.dbcp.pool2.impl.BaseGenericObjectPool$Evictor.run(BaseGenericObjectPool.java:1163)
java.base/java.util.concurrent.Executors$RunnableAdapter.call(Executors.java:515)
java.base/java.util.concurrent.FutureTask.runAndReset(FutureTask.java:305)
java.base/java.util.concurrent.ScheduledThreadPoolExecutor$ScheduledFutureTask.run(ScheduledThreadPoolExecutor.java:305)
java.base/java.util.concurrent.ThreadPoolExecutor.runWorker(ThreadPoolExecutor.java:1128)
java.base/java.util.concurrent.ThreadPoolExecutor$Worker.run(ThreadPoolExecutor.java:628)
java.base/java.lang.Thread.run(Thread.java:834)
timeBetweenEvictionRunsMillis: -1
startEvictor: Evictor: null
setTimeBetweenEvictionRunsMillis: Evictor: null
GenericKeyedObjectPoolConfig [lifo=true, fairness=false, maxWaitMillis=0, minEvictableIdleTimeMillis=1800000, softMinEvictableIdleTimeMillis=-1, numTestsPerEvictionRun=3, evictionPolicyClassName=org.apache.tomcat.dbcp.pool2.impl.DefaultEvictionPolicy, testOnCreate=false, testOnBorrow=false, testOnReturn=false, testWhileIdle=false, timeBetweenEvictionRunsMillis=-1, blockWhenExhausted=false, jmxEnabled=false, jmxNamePrefix=pool, jmxNameBase=null, minIdlePerKey=0, maxIdlePerKey=1, maxTotalPerKey=-1, maxTotal=-1]
org.apache.tomcat.dbcp.dbcp2.PoolableConnectionFactory.makeObject(PoolableConnectionFactory.java:398)
org.apache.tomcat.dbcp.pool2.impl.GenericObjectPool.create(GenericObjectPool.java:901)
org.apache.tomcat.dbcp.pool2.impl.GenericObjectPool.ensureIdle(GenericObjectPool.java:972)
org.apache.tomcat.dbcp.pool2.impl.GenericObjectPool.ensureMinIdle(GenericObjectPool.java:950)
org.apache.tomcat.dbcp.pool2.impl.BaseGenericObjectPool$Evictor.run(BaseGenericObjectPool.java:1163)
java.base/java.util.concurrent.Executors$RunnableAdapter.call(Executors.java:515)
java.base/java.util.concurrent.FutureTask.runAndReset(FutureTask.java:305)
java.base/java.util.concurrent.ScheduledThreadPoolExecutor$ScheduledFutureTask.run(ScheduledThreadPoolExecutor.java:305)
java.base/java.util.concurrent.ThreadPoolExecutor.runWorker(ThreadPoolExecutor.java:1128)
java.base/java.util.concurrent.ThreadPoolExecutor$Worker.run(ThreadPoolExecutor.java:628)
java.base/java.lang.Thread.run(Thread.java:834)
NumActive: 1
NumIdle: 5
main
Reference Handler
Finalizer
Signal Dispatcher
Common-Cleaner
MVStore background writer nio:/root/test.mv.db
commons-pool-evictor-thread
commons-pool-evictor-thread:14 is alive.
Evict: true
org.apache.tomcat.dbcp.pool2.impl.GenericObjectPool#destroy: class org.apache.tomcat.dbcp.dbcp2.PoolableConnectionFactory
org.apache.tomcat.dbcp.dbcp2.PoolableConnectionFactory#destroyObject: class org.apache.tomcat.dbcp.dbcp2.PoolableConnection
org.apache.tomcat.dbcp.dbcp2.PoolableConnection#closeInternal: class org.apache.tomcat.dbcp.dbcp2.PoolingConnection
org.apache.tomcat.dbcp.dbcp2.PoolingConnection#close
org.apache.tomcat.dbcp.pool2.impl.GenericKeyedObjectPool#stopEvictor
startEvictor: Evictor: null
Evict: true
org.apache.tomcat.dbcp.pool2.impl.GenericObjectPool#destroy: class org.apache.tomcat.dbcp.dbcp2.PoolableConnectionFactory
org.apache.tomcat.dbcp.dbcp2.PoolableConnectionFactory#destroyObject: class org.apache.tomcat.dbcp.dbcp2.PoolableConnection
org.apache.tomcat.dbcp.dbcp2.PoolableConnection#closeInternal: class org.apache.tomcat.dbcp.dbcp2.PoolingConnection
org.apache.tomcat.dbcp.dbcp2.PoolingConnection#close
org.apache.tomcat.dbcp.pool2.impl.GenericKeyedObjectPool#stopEvictor
startEvictor: Evictor: null
timeBetweenEvictionRunsMillis: -1
startEvictor: Evictor: null
setTimeBetweenEvictionRunsMillis: Evictor: null
GenericKeyedObjectPoolConfig [lifo=true, fairness=false, maxWaitMillis=0, minEvictableIdleTimeMillis=1800000, softMinEvictableIdleTimeMillis=-1, numTestsPerEvictionRun=3, evictionPolicyClassName=org.apache.tomcat.dbcp.pool2.impl.DefaultEvictionPolicy, testOnCreate=false, testOnBorrow=false, testOnReturn=false, testWhileIdle=false, timeBetweenEvictionRunsMillis=-1, blockWhenExhausted=false, jmxEnabled=false, jmxNamePrefix=pool, jmxNameBase=null, minIdlePerKey=0, maxIdlePerKey=1, maxTotalPerKey=-1, maxTotal=-1]
org.apache.tomcat.dbcp.dbcp2.PoolableConnectionFactory.makeObject(PoolableConnectionFactory.java:398)
org.apache.tomcat.dbcp.pool2.impl.GenericObjectPool.create(GenericObjectPool.java:901)
org.apache.tomcat.dbcp.pool2.impl.GenericObjectPool.ensureIdle(GenericObjectPool.java:972)
org.apache.tomcat.dbcp.pool2.impl.GenericObjectPool.ensureMinIdle(GenericObjectPool.java:950)
org.apache.tomcat.dbcp.pool2.impl.BaseGenericObjectPool$Evictor.run(BaseGenericObjectPool.java:1163)
java.base/java.util.concurrent.Executors$RunnableAdapter.call(Executors.java:515)
java.base/java.util.concurrent.FutureTask.runAndReset(FutureTask.java:305)
java.base/java.util.concurrent.ScheduledThreadPoolExecutor$ScheduledFutureTask.run(ScheduledThreadPoolExecutor.java:305)
java.base/java.util.concurrent.ThreadPoolExecutor.runWorker(ThreadPoolExecutor.java:1128)
java.base/java.util.concurrent.ThreadPoolExecutor$Worker.run(ThreadPoolExecutor.java:628)
java.base/java.lang.Thread.run(Thread.java:834)
timeBetweenEvictionRunsMillis: -1
startEvictor: Evictor: null
setTimeBetweenEvictionRunsMillis: Evictor: null
GenericKeyedObjectPoolConfig [lifo=true, fairness=false, maxWaitMillis=0, minEvictableIdleTimeMillis=1800000, softMinEvictableIdleTimeMillis=-1, numTestsPerEvictionRun=3, evictionPolicyClassName=org.apache.tomcat.dbcp.pool2.impl.DefaultEvictionPolicy, testOnCreate=false, testOnBorrow=false, testOnReturn=false, testWhileIdle=false, timeBetweenEvictionRunsMillis=-1, blockWhenExhausted=false, jmxEnabled=false, jmxNamePrefix=pool, jmxNameBase=null, minIdlePerKey=0, maxIdlePerKey=1, maxTotalPerKey=-1, maxTotal=-1]
org.apache.tomcat.dbcp.dbcp2.PoolableConnectionFactory.makeObject(PoolableConnectionFactory.java:398)
org.apache.tomcat.dbcp.pool2.impl.GenericObjectPool.create(GenericObjectPool.java:901)
org.apache.tomcat.dbcp.pool2.impl.GenericObjectPool.ensureIdle(GenericObjectPool.java:972)
org.apache.tomcat.dbcp.pool2.impl.GenericObjectPool.ensureMinIdle(GenericObjectPool.java:950)
org.apache.tomcat.dbcp.pool2.impl.BaseGenericObjectPool$Evictor.run(BaseGenericObjectPool.java:1163)
java.base/java.util.concurrent.Executors$RunnableAdapter.call(Executors.java:515)
java.base/java.util.concurrent.FutureTask.runAndReset(FutureTask.java:305)
java.base/java.util.concurrent.ScheduledThreadPoolExecutor$ScheduledFutureTask.run(ScheduledThreadPoolExecutor.java:305)
java.base/java.util.concurrent.ThreadPoolExecutor.runWorker(ThreadPoolExecutor.java:1128)
java.base/java.util.concurrent.ThreadPoolExecutor$Worker.run(ThreadPoolExecutor.java:628)
java.base/java.lang.Thread.run(Thread.java:834)
NumActive: 1
NumIdle: 5
main
Reference Handler
Finalizer
Signal Dispatcher
Common-Cleaner
MVStore background writer nio:/root/test.mv.db
commons-pool-evictor-thread
commons-pool-evictor-thread:14 is alive.
Evict: true
org.apache.tomcat.dbcp.pool2.impl.GenericObjectPool#destroy: class org.apache.tomcat.dbcp.dbcp2.PoolableConnectionFactory
org.apache.tomcat.dbcp.dbcp2.PoolableConnectionFactory#destroyObject: class org.apache.tomcat.dbcp.dbcp2.PoolableConnection
org.apache.tomcat.dbcp.dbcp2.PoolableConnection#closeInternal: class org.apache.tomcat.dbcp.dbcp2.PoolingConnection
org.apache.tomcat.dbcp.dbcp2.PoolingConnection#close
org.apache.tomcat.dbcp.pool2.impl.GenericKeyedObjectPool#stopEvictor
startEvictor: Evictor: null
Evict: true
org.apache.tomcat.dbcp.pool2.impl.GenericObjectPool#destroy: class org.apache.tomcat.dbcp.dbcp2.PoolableConnectionFactory
org.apache.tomcat.dbcp.dbcp2.PoolableConnectionFactory#destroyObject: class org.apache.tomcat.dbcp.dbcp2.PoolableConnection
org.apache.tomcat.dbcp.dbcp2.PoolableConnection#closeInternal: class org.apache.tomcat.dbcp.dbcp2.PoolingConnection
org.apache.tomcat.dbcp.dbcp2.PoolingConnection#close
org.apache.tomcat.dbcp.pool2.impl.GenericKeyedObjectPool#stopEvictor
startEvictor: Evictor: null
timeBetweenEvictionRunsMillis: -1
startEvictor: Evictor: null
setTimeBetweenEvictionRunsMillis: Evictor: null
GenericKeyedObjectPoolConfig [lifo=true, fairness=false, maxWaitMillis=0, minEvictableIdleTimeMillis=1800000, softMinEvictableIdleTimeMillis=-1, numTestsPerEvictionRun=3, evictionPolicyClassName=org.apache.tomcat.dbcp.pool2.impl.DefaultEvictionPolicy, testOnCreate=false, testOnBorrow=false, testOnReturn=false, testWhileIdle=false, timeBetweenEvictionRunsMillis=-1, blockWhenExhausted=false, jmxEnabled=false, jmxNamePrefix=pool, jmxNameBase=null, minIdlePerKey=0, maxIdlePerKey=1, maxTotalPerKey=-1, maxTotal=-1]
org.apache.tomcat.dbcp.dbcp2.PoolableConnectionFactory.makeObject(PoolableConnectionFactory.java:398)
org.apache.tomcat.dbcp.pool2.impl.GenericObjectPool.create(GenericObjectPool.java:901)
org.apache.tomcat.dbcp.pool2.impl.GenericObjectPool.ensureIdle(GenericObjectPool.java:972)
org.apache.tomcat.dbcp.pool2.impl.GenericObjectPool.ensureMinIdle(GenericObjectPool.java:950)
org.apache.tomcat.dbcp.pool2.impl.BaseGenericObjectPool$Evictor.run(BaseGenericObjectPool.java:1163)
java.base/java.util.concurrent.Executors$RunnableAdapter.call(Executors.java:515)
java.base/java.util.concurrent.FutureTask.runAndReset(FutureTask.java:305)
java.base/java.util.concurrent.ScheduledThreadPoolExecutor$ScheduledFutureTask.run(ScheduledThreadPoolExecutor.java:305)
java.base/java.util.concurrent.ThreadPoolExecutor.runWorker(ThreadPoolExecutor.java:1128)
java.base/java.util.concurrent.ThreadPoolExecutor$Worker.run(ThreadPoolExecutor.java:628)
java.base/java.lang.Thread.run(Thread.java:834)
timeBetweenEvictionRunsMillis: -1
startEvictor: Evictor: null
setTimeBetweenEvictionRunsMillis: Evictor: null
GenericKeyedObjectPoolConfig [lifo=true, fairness=false, maxWaitMillis=0, minEvictableIdleTimeMillis=1800000, softMinEvictableIdleTimeMillis=-1, numTestsPerEvictionRun=3, evictionPolicyClassName=org.apache.tomcat.dbcp.pool2.impl.DefaultEvictionPolicy, testOnCreate=false, testOnBorrow=false, testOnReturn=false, testWhileIdle=false, timeBetweenEvictionRunsMillis=-1, blockWhenExhausted=false, jmxEnabled=false, jmxNamePrefix=pool, jmxNameBase=null, minIdlePerKey=0, maxIdlePerKey=1, maxTotalPerKey=-1, maxTotal=-1]
org.apache.tomcat.dbcp.dbcp2.PoolableConnectionFactory.makeObject(PoolableConnectionFactory.java:398)
org.apache.tomcat.dbcp.pool2.impl.GenericObjectPool.create(GenericObjectPool.java:901)
org.apache.tomcat.dbcp.pool2.impl.GenericObjectPool.ensureIdle(GenericObjectPool.java:972)
org.apache.tomcat.dbcp.pool2.impl.GenericObjectPool.ensureMinIdle(GenericObjectPool.java:950)
org.apache.tomcat.dbcp.pool2.impl.BaseGenericObjectPool$Evictor.run(BaseGenericObjectPool.java:1163)
java.base/java.util.concurrent.Executors$RunnableAdapter.call(Executors.java:515)
java.base/java.util.concurrent.FutureTask.runAndReset(FutureTask.java:305)
java.base/java.util.concurrent.ScheduledThreadPoolExecutor$ScheduledFutureTask.run(ScheduledThreadPoolExecutor.java:305)
java.base/java.util.concurrent.ThreadPoolExecutor.runWorker(ThreadPoolExecutor.java:1128)
java.base/java.util.concurrent.ThreadPoolExecutor$Worker.run(ThreadPoolExecutor.java:628)
java.base/java.lang.Thread.run(Thread.java:834)
NumActive: 1
NumIdle: 5
main
Reference Handler
Finalizer
Signal Dispatcher
Common-Cleaner
MVStore background writer nio:/root/test.mv.db
commons-pool-evictor-thread
commons-pool-evictor-thread:14 is alive.
Evict: true
org.apache.tomcat.dbcp.pool2.impl.GenericObjectPool#destroy: class org.apache.tomcat.dbcp.dbcp2.PoolableConnectionFactory
org.apache.tomcat.dbcp.dbcp2.PoolableConnectionFactory#destroyObject: class org.apache.tomcat.dbcp.dbcp2.PoolableConnection
org.apache.tomcat.dbcp.dbcp2.PoolableConnection#closeInternal: class org.apache.tomcat.dbcp.dbcp2.PoolingConnection
org.apache.tomcat.dbcp.dbcp2.PoolingConnection#close
org.apache.tomcat.dbcp.pool2.impl.GenericKeyedObjectPool#stopEvictor
startEvictor: Evictor: null
Evict: true
org.apache.tomcat.dbcp.pool2.impl.GenericObjectPool#destroy: class org.apache.tomcat.dbcp.dbcp2.PoolableConnectionFactory
org.apache.tomcat.dbcp.dbcp2.PoolableConnectionFactory#destroyObject: class org.apache.tomcat.dbcp.dbcp2.PoolableConnection
org.apache.tomcat.dbcp.dbcp2.PoolableConnection#closeInternal: class org.apache.tomcat.dbcp.dbcp2.PoolingConnection
org.apache.tomcat.dbcp.dbcp2.PoolingConnection#close
org.apache.tomcat.dbcp.pool2.impl.GenericKeyedObjectPool#stopEvictor
startEvictor: Evictor: null
timeBetweenEvictionRunsMillis: -1
startEvictor: Evictor: null
setTimeBetweenEvictionRunsMillis: Evictor: null
GenericKeyedObjectPoolConfig [lifo=true, fairness=false, maxWaitMillis=0, minEvictableIdleTimeMillis=1800000, softMinEvictableIdleTimeMillis=-1, numTestsPerEvictionRun=3, evictionPolicyClassName=org.apache.tomcat.dbcp.pool2.impl.DefaultEvictionPolicy, testOnCreate=false, testOnBorrow=false, testOnReturn=false, testWhileIdle=false, timeBetweenEvictionRunsMillis=-1, blockWhenExhausted=false, jmxEnabled=false, jmxNamePrefix=pool, jmxNameBase=null, minIdlePerKey=0, maxIdlePerKey=1, maxTotalPerKey=-1, maxTotal=-1]
org.apache.tomcat.dbcp.dbcp2.PoolableConnectionFactory.makeObject(PoolableConnectionFactory.java:398)
org.apache.tomcat.dbcp.pool2.impl.GenericObjectPool.create(GenericObjectPool.java:901)
org.apache.tomcat.dbcp.pool2.impl.GenericObjectPool.ensureIdle(GenericObjectPool.java:972)
org.apache.tomcat.dbcp.pool2.impl.GenericObjectPool.ensureMinIdle(GenericObjectPool.java:950)
org.apache.tomcat.dbcp.pool2.impl.BaseGenericObjectPool$Evictor.run(BaseGenericObjectPool.java:1163)
java.base/java.util.concurrent.Executors$RunnableAdapter.call(Executors.java:515)
java.base/java.util.concurrent.FutureTask.runAndReset(FutureTask.java:305)
java.base/java.util.concurrent.ScheduledThreadPoolExecutor$ScheduledFutureTask.run(ScheduledThreadPoolExecutor.java:305)
java.base/java.util.concurrent.ThreadPoolExecutor.runWorker(ThreadPoolExecutor.java:1128)
java.base/java.util.concurrent.ThreadPoolExecutor$Worker.run(ThreadPoolExecutor.java:628)
java.base/java.lang.Thread.run(Thread.java:834)
timeBetweenEvictionRunsMillis: -1
startEvictor: Evictor: null
setTimeBetweenEvictionRunsMillis: Evictor: null
GenericKeyedObjectPoolConfig [lifo=true, fairness=false, maxWaitMillis=0, minEvictableIdleTimeMillis=1800000, softMinEvictableIdleTimeMillis=-1, numTestsPerEvictionRun=3, evictionPolicyClassName=org.apache.tomcat.dbcp.pool2.impl.DefaultEvictionPolicy, testOnCreate=false, testOnBorrow=false, testOnReturn=false, testWhileIdle=false, timeBetweenEvictionRunsMillis=-1, blockWhenExhausted=false, jmxEnabled=false, jmxNamePrefix=pool, jmxNameBase=null, minIdlePerKey=0, maxIdlePerKey=1, maxTotalPerKey=-1, maxTotal=-1]
org.apache.tomcat.dbcp.dbcp2.PoolableConnectionFactory.makeObject(PoolableConnectionFactory.java:398)
org.apache.tomcat.dbcp.pool2.impl.GenericObjectPool.create(GenericObjectPool.java:901)
org.apache.tomcat.dbcp.pool2.impl.GenericObjectPool.ensureIdle(GenericObjectPool.java:972)
org.apache.tomcat.dbcp.pool2.impl.GenericObjectPool.ensureMinIdle(GenericObjectPool.java:950)
org.apache.tomcat.dbcp.pool2.impl.BaseGenericObjectPool$Evictor.run(BaseGenericObjectPool.java:1163)
java.base/java.util.concurrent.Executors$RunnableAdapter.call(Executors.java:515)
java.base/java.util.concurrent.FutureTask.runAndReset(FutureTask.java:305)
java.base/java.util.concurrent.ScheduledThreadPoolExecutor$ScheduledFutureTask.run(ScheduledThreadPoolExecutor.java:305)
java.base/java.util.concurrent.ThreadPoolExecutor.runWorker(ThreadPoolExecutor.java:1128)
java.base/java.util.concurrent.ThreadPoolExecutor$Worker.run(ThreadPoolExecutor.java:628)
java.base/java.lang.Thread.run(Thread.java:834)
NumActive: 1
NumIdle: 5
main
Reference Handler
Finalizer
Signal Dispatcher
Common-Cleaner
MVStore background writer nio:/root/test.mv.db
commons-pool-evictor-thread
commons-pool-evictor-thread:14 is alive.
Evict: true
org.apache.tomcat.dbcp.pool2.impl.GenericObjectPool#destroy: class org.apache.tomcat.dbcp.dbcp2.PoolableConnectionFactory
org.apache.tomcat.dbcp.dbcp2.PoolableConnectionFactory#destroyObject: class org.apache.tomcat.dbcp.dbcp2.PoolableConnection
org.apache.tomcat.dbcp.dbcp2.PoolableConnection#closeInternal: class org.apache.tomcat.dbcp.dbcp2.PoolingConnection
org.apache.tomcat.dbcp.dbcp2.PoolingConnection#close
org.apache.tomcat.dbcp.pool2.impl.GenericKeyedObjectPool#stopEvictor
startEvictor: Evictor: null
Evict: true
org.apache.tomcat.dbcp.pool2.impl.GenericObjectPool#destroy: class org.apache.tomcat.dbcp.dbcp2.PoolableConnectionFactory
org.apache.tomcat.dbcp.dbcp2.PoolableConnectionFactory#destroyObject: class org.apache.tomcat.dbcp.dbcp2.PoolableConnection
org.apache.tomcat.dbcp.dbcp2.PoolableConnection#closeInternal: class org.apache.tomcat.dbcp.dbcp2.PoolingConnection
org.apache.tomcat.dbcp.dbcp2.PoolingConnection#close
org.apache.tomcat.dbcp.pool2.impl.GenericKeyedObjectPool#stopEvictor
startEvictor: Evictor: null
timeBetweenEvictionRunsMillis: -1
startEvictor: Evictor: null
setTimeBetweenEvictionRunsMillis: Evictor: null
GenericKeyedObjectPoolConfig [lifo=true, fairness=false, maxWaitMillis=0, minEvictableIdleTimeMillis=1800000, softMinEvictableIdleTimeMillis=-1, numTestsPerEvictionRun=3, evictionPolicyClassName=org.apache.tomcat.dbcp.pool2.impl.DefaultEvictionPolicy, testOnCreate=false, testOnBorrow=false, testOnReturn=false, testWhileIdle=false, timeBetweenEvictionRunsMillis=-1, blockWhenExhausted=false, jmxEnabled=false, jmxNamePrefix=pool, jmxNameBase=null, minIdlePerKey=0, maxIdlePerKey=1, maxTotalPerKey=-1, maxTotal=-1]
org.apache.tomcat.dbcp.dbcp2.PoolableConnectionFactory.makeObject(PoolableConnectionFactory.java:398)
org.apache.tomcat.dbcp.pool2.impl.GenericObjectPool.create(GenericObjectPool.java:901)
org.apache.tomcat.dbcp.pool2.impl.GenericObjectPool.ensureIdle(GenericObjectPool.java:972)
org.apache.tomcat.dbcp.pool2.impl.GenericObjectPool.ensureMinIdle(GenericObjectPool.java:950)
org.apache.tomcat.dbcp.pool2.impl.BaseGenericObjectPool$Evictor.run(BaseGenericObjectPool.java:1163)
java.base/java.util.concurrent.Executors$RunnableAdapter.call(Executors.java:515)
java.base/java.util.concurrent.FutureTask.runAndReset(FutureTask.java:305)
java.base/java.util.concurrent.ScheduledThreadPoolExecutor$ScheduledFutureTask.run(ScheduledThreadPoolExecutor.java:305)
java.base/java.util.concurrent.ThreadPoolExecutor.runWorker(ThreadPoolExecutor.java:1128)
java.base/java.util.concurrent.ThreadPoolExecutor$Worker.run(ThreadPoolExecutor.java:628)
java.base/java.lang.Thread.run(Thread.java:834)
timeBetweenEvictionRunsMillis: -1
startEvictor: Evictor: null
setTimeBetweenEvictionRunsMillis: Evictor: null
GenericKeyedObjectPoolConfig [lifo=true, fairness=false, maxWaitMillis=0, minEvictableIdleTimeMillis=1800000, softMinEvictableIdleTimeMillis=-1, numTestsPerEvictionRun=3, evictionPolicyClassName=org.apache.tomcat.dbcp.pool2.impl.DefaultEvictionPolicy, testOnCreate=false, testOnBorrow=false, testOnReturn=false, testWhileIdle=false, timeBetweenEvictionRunsMillis=-1, blockWhenExhausted=false, jmxEnabled=false, jmxNamePrefix=pool, jmxNameBase=null, minIdlePerKey=0, maxIdlePerKey=1, maxTotalPerKey=-1, maxTotal=-1]
org.apache.tomcat.dbcp.dbcp2.PoolableConnectionFactory.makeObject(PoolableConnectionFactory.java:398)
org.apache.tomcat.dbcp.pool2.impl.GenericObjectPool.create(GenericObjectPool.java:901)
org.apache.tomcat.dbcp.pool2.impl.GenericObjectPool.ensureIdle(GenericObjectPool.java:972)
org.apache.tomcat.dbcp.pool2.impl.GenericObjectPool.ensureMinIdle(GenericObjectPool.java:950)
org.apache.tomcat.dbcp.pool2.impl.BaseGenericObjectPool$Evictor.run(BaseGenericObjectPool.java:1163)
java.base/java.util.concurrent.Executors$RunnableAdapter.call(Executors.java:515)
java.base/java.util.concurrent.FutureTask.runAndReset(FutureTask.java:305)
java.base/java.util.concurrent.ScheduledThreadPoolExecutor$ScheduledFutureTask.run(ScheduledThreadPoolExecutor.java:305)
java.base/java.util.concurrent.ThreadPoolExecutor.runWorker(ThreadPoolExecutor.java:1128)
java.base/java.util.concurrent.ThreadPoolExecutor$Worker.run(ThreadPoolExecutor.java:628)
java.base/java.lang.Thread.run(Thread.java:834)
NumActive: 1
NumIdle: 5
main
Reference Handler
Finalizer
Signal Dispatcher
Common-Cleaner
MVStore background writer nio:/root/test.mv.db
commons-pool-evictor-thread
commons-pool-evictor-thread:14 is alive.
Evict: true
org.apache.tomcat.dbcp.pool2.impl.GenericObjectPool#destroy: class org.apache.tomcat.dbcp.dbcp2.PoolableConnectionFactory
org.apache.tomcat.dbcp.dbcp2.PoolableConnectionFactory#destroyObject: class org.apache.tomcat.dbcp.dbcp2.PoolableConnection
org.apache.tomcat.dbcp.dbcp2.PoolableConnection#closeInternal: class org.apache.tomcat.dbcp.dbcp2.PoolingConnection
org.apache.tomcat.dbcp.dbcp2.PoolingConnection#close
org.apache.tomcat.dbcp.pool2.impl.GenericKeyedObjectPool#stopEvictor
startEvictor: Evictor: null
Evict: true
org.apache.tomcat.dbcp.pool2.impl.GenericObjectPool#destroy: class org.apache.tomcat.dbcp.dbcp2.PoolableConnectionFactory
org.apache.tomcat.dbcp.dbcp2.PoolableConnectionFactory#destroyObject: class org.apache.tomcat.dbcp.dbcp2.PoolableConnection
org.apache.tomcat.dbcp.dbcp2.PoolableConnection#closeInternal: class org.apache.tomcat.dbcp.dbcp2.PoolingConnection
org.apache.tomcat.dbcp.dbcp2.PoolingConnection#close
org.apache.tomcat.dbcp.pool2.impl.GenericKeyedObjectPool#stopEvictor
startEvictor: Evictor: null
timeBetweenEvictionRunsMillis: -1
startEvictor: Evictor: null
setTimeBetweenEvictionRunsMillis: Evictor: null
GenericKeyedObjectPoolConfig [lifo=true, fairness=false, maxWaitMillis=0, minEvictableIdleTimeMillis=1800000, softMinEvictableIdleTimeMillis=-1, numTestsPerEvictionRun=3, evictionPolicyClassName=org.apache.tomcat.dbcp.pool2.impl.DefaultEvictionPolicy, testOnCreate=false, testOnBorrow=false, testOnReturn=false, testWhileIdle=false, timeBetweenEvictionRunsMillis=-1, blockWhenExhausted=false, jmxEnabled=false, jmxNamePrefix=pool, jmxNameBase=null, minIdlePerKey=0, maxIdlePerKey=1, maxTotalPerKey=-1, maxTotal=-1]
org.apache.tomcat.dbcp.dbcp2.PoolableConnectionFactory.makeObject(PoolableConnectionFactory.java:398)
org.apache.tomcat.dbcp.pool2.impl.GenericObjectPool.create(GenericObjectPool.java:901)
org.apache.tomcat.dbcp.pool2.impl.GenericObjectPool.ensureIdle(GenericObjectPool.java:972)
org.apache.tomcat.dbcp.pool2.impl.GenericObjectPool.ensureMinIdle(GenericObjectPool.java:950)
org.apache.tomcat.dbcp.pool2.impl.BaseGenericObjectPool$Evictor.run(BaseGenericObjectPool.java:1163)
java.base/java.util.concurrent.Executors$RunnableAdapter.call(Executors.java:515)
java.base/java.util.concurrent.FutureTask.runAndReset(FutureTask.java:305)
java.base/java.util.concurrent.ScheduledThreadPoolExecutor$ScheduledFutureTask.run(ScheduledThreadPoolExecutor.java:305)
java.base/java.util.concurrent.ThreadPoolExecutor.runWorker(ThreadPoolExecutor.java:1128)
java.base/java.util.concurrent.ThreadPoolExecutor$Worker.run(ThreadPoolExecutor.java:628)
java.base/java.lang.Thread.run(Thread.java:834)
timeBetweenEvictionRunsMillis: -1
startEvictor: Evictor: null
setTimeBetweenEvictionRunsMillis: Evictor: null
GenericKeyedObjectPoolConfig [lifo=true, fairness=false, maxWaitMillis=0, minEvictableIdleTimeMillis=1800000, softMinEvictableIdleTimeMillis=-1, numTestsPerEvictionRun=3, evictionPolicyClassName=org.apache.tomcat.dbcp.pool2.impl.DefaultEvictionPolicy, testOnCreate=false, testOnBorrow=false, testOnReturn=false, testWhileIdle=false, timeBetweenEvictionRunsMillis=-1, blockWhenExhausted=false, jmxEnabled=false, jmxNamePrefix=pool, jmxNameBase=null, minIdlePerKey=0, maxIdlePerKey=1, maxTotalPerKey=-1, maxTotal=-1]
org.apache.tomcat.dbcp.dbcp2.PoolableConnectionFactory.makeObject(PoolableConnectionFactory.java:398)
org.apache.tomcat.dbcp.pool2.impl.GenericObjectPool.create(GenericObjectPool.java:901)
org.apache.tomcat.dbcp.pool2.impl.GenericObjectPool.ensureIdle(GenericObjectPool.java:972)
org.apache.tomcat.dbcp.pool2.impl.GenericObjectPool.ensureMinIdle(GenericObjectPool.java:950)
org.apache.tomcat.dbcp.pool2.impl.BaseGenericObjectPool$Evictor.run(BaseGenericObjectPool.java:1163)
java.base/java.util.concurrent.Executors$RunnableAdapter.call(Executors.java:515)
java.base/java.util.concurrent.FutureTask.runAndReset(FutureTask.java:305)
java.base/java.util.concurrent.ScheduledThreadPoolExecutor$ScheduledFutureTask.run(ScheduledThreadPoolExecutor.java:305)
java.base/java.util.concurrent.ThreadPoolExecutor.runWorker(ThreadPoolExecutor.java:1128)
java.base/java.util.concurrent.ThreadPoolExecutor$Worker.run(ThreadPoolExecutor.java:628)
java.base/java.lang.Thread.run(Thread.java:834)
NumActive: 1
NumIdle: 5
main
Reference Handler
Finalizer
Signal Dispatcher
Common-Cleaner
MVStore background writer nio:/root/test.mv.db
commons-pool-evictor-thread
commons-pool-evictor-thread:14 is alive.
Evict: true
org.apache.tomcat.dbcp.pool2.impl.GenericObjectPool#destroy: class org.apache.tomcat.dbcp.dbcp2.PoolableConnectionFactory
org.apache.tomcat.dbcp.dbcp2.PoolableConnectionFactory#destroyObject: class org.apache.tomcat.dbcp.dbcp2.PoolableConnection
org.apache.tomcat.dbcp.dbcp2.PoolableConnection#closeInternal: class org.apache.tomcat.dbcp.dbcp2.PoolingConnection
org.apache.tomcat.dbcp.dbcp2.PoolingConnection#close
org.apache.tomcat.dbcp.pool2.impl.GenericKeyedObjectPool#stopEvictor
startEvictor: Evictor: null
Evict: true
org.apache.tomcat.dbcp.pool2.impl.GenericObjectPool#destroy: class org.apache.tomcat.dbcp.dbcp2.PoolableConnectionFactory
org.apache.tomcat.dbcp.dbcp2.PoolableConnectionFactory#destroyObject: class org.apache.tomcat.dbcp.dbcp2.PoolableConnection
org.apache.tomcat.dbcp.dbcp2.PoolableConnection#closeInternal: class org.apache.tomcat.dbcp.dbcp2.PoolingConnection
org.apache.tomcat.dbcp.dbcp2.PoolingConnection#close
org.apache.tomcat.dbcp.pool2.impl.GenericKeyedObjectPool#stopEvictor
startEvictor: Evictor: null
timeBetweenEvictionRunsMillis: -1
startEvictor: Evictor: null
setTimeBetweenEvictionRunsMillis: Evictor: null
GenericKeyedObjectPoolConfig [lifo=true, fairness=false, maxWaitMillis=0, minEvictableIdleTimeMillis=1800000, softMinEvictableIdleTimeMillis=-1, numTestsPerEvictionRun=3, evictionPolicyClassName=org.apache.tomcat.dbcp.pool2.impl.DefaultEvictionPolicy, testOnCreate=false, testOnBorrow=false, testOnReturn=false, testWhileIdle=false, timeBetweenEvictionRunsMillis=-1, blockWhenExhausted=false, jmxEnabled=false, jmxNamePrefix=pool, jmxNameBase=null, minIdlePerKey=0, maxIdlePerKey=1, maxTotalPerKey=-1, maxTotal=-1]
org.apache.tomcat.dbcp.dbcp2.PoolableConnectionFactory.makeObject(PoolableConnectionFactory.java:398)
org.apache.tomcat.dbcp.pool2.impl.GenericObjectPool.create(GenericObjectPool.java:901)
org.apache.tomcat.dbcp.pool2.impl.GenericObjectPool.ensureIdle(GenericObjectPool.java:972)
org.apache.tomcat.dbcp.pool2.impl.GenericObjectPool.ensureMinIdle(GenericObjectPool.java:950)
org.apache.tomcat.dbcp.pool2.impl.BaseGenericObjectPool$Evictor.run(BaseGenericObjectPool.java:1163)
java.base/java.util.concurrent.Executors$RunnableAdapter.call(Executors.java:515)
java.base/java.util.concurrent.FutureTask.runAndReset(FutureTask.java:305)
java.base/java.util.concurrent.ScheduledThreadPoolExecutor$ScheduledFutureTask.run(ScheduledThreadPoolExecutor.java:305)
java.base/java.util.concurrent.ThreadPoolExecutor.runWorker(ThreadPoolExecutor.java:1128)
java.base/java.util.concurrent.ThreadPoolExecutor$Worker.run(ThreadPoolExecutor.java:628)
java.base/java.lang.Thread.run(Thread.java:834)
timeBetweenEvictionRunsMillis: -1
startEvictor: Evictor: null
setTimeBetweenEvictionRunsMillis: Evictor: null
GenericKeyedObjectPoolConfig [lifo=true, fairness=false, maxWaitMillis=0, minEvictableIdleTimeMillis=1800000, softMinEvictableIdleTimeMillis=-1, numTestsPerEvictionRun=3, evictionPolicyClassName=org.apache.tomcat.dbcp.pool2.impl.DefaultEvictionPolicy, testOnCreate=false, testOnBorrow=false, testOnReturn=false, testWhileIdle=false, timeBetweenEvictionRunsMillis=-1, blockWhenExhausted=false, jmxEnabled=false, jmxNamePrefix=pool, jmxNameBase=null, minIdlePerKey=0, maxIdlePerKey=1, maxTotalPerKey=-1, maxTotal=-1]
org.apache.tomcat.dbcp.dbcp2.PoolableConnectionFactory.makeObject(PoolableConnectionFactory.java:398)
org.apache.tomcat.dbcp.pool2.impl.GenericObjectPool.create(GenericObjectPool.java:901)
org.apache.tomcat.dbcp.pool2.impl.GenericObjectPool.ensureIdle(GenericObjectPool.java:972)
org.apache.tomcat.dbcp.pool2.impl.GenericObjectPool.ensureMinIdle(GenericObjectPool.java:950)
org.apache.tomcat.dbcp.pool2.impl.BaseGenericObjectPool$Evictor.run(BaseGenericObjectPool.java:1163)
java.base/java.util.concurrent.Executors$RunnableAdapter.call(Executors.java:515)
java.base/java.util.concurrent.FutureTask.runAndReset(FutureTask.java:305)
java.base/java.util.concurrent.ScheduledThreadPoolExecutor$ScheduledFutureTask.run(ScheduledThreadPoolExecutor.java:305)
java.base/java.util.concurrent.ThreadPoolExecutor.runWorker(ThreadPoolExecutor.java:1128)
java.base/java.util.concurrent.ThreadPoolExecutor$Worker.run(ThreadPoolExecutor.java:628)
java.base/java.lang.Thread.run(Thread.java:834)
NumActive: 1
NumIdle: 5
main
Reference Handler
Finalizer
Signal Dispatcher
Common-Cleaner
MVStore background writer nio:/root/test.mv.db
commons-pool-evictor-thread
commons-pool-evictor-thread:14 is alive.
Evict: true
org.apache.tomcat.dbcp.pool2.impl.GenericObjectPool#destroy: class org.apache.tomcat.dbcp.dbcp2.PoolableConnectionFactory
org.apache.tomcat.dbcp.dbcp2.PoolableConnectionFactory#destroyObject: class org.apache.tomcat.dbcp.dbcp2.PoolableConnection
org.apache.tomcat.dbcp.dbcp2.PoolableConnection#closeInternal: class org.apache.tomcat.dbcp.dbcp2.PoolingConnection
org.apache.tomcat.dbcp.dbcp2.PoolingConnection#close
org.apache.tomcat.dbcp.pool2.impl.GenericKeyedObjectPool#stopEvictor
startEvictor: Evictor: null
Evict: true
org.apache.tomcat.dbcp.pool2.impl.GenericObjectPool#destroy: class org.apache.tomcat.dbcp.dbcp2.PoolableConnectionFactory
org.apache.tomcat.dbcp.dbcp2.PoolableConnectionFactory#destroyObject: class org.apache.tomcat.dbcp.dbcp2.PoolableConnection
org.apache.tomcat.dbcp.dbcp2.PoolableConnection#closeInternal: class org.apache.tomcat.dbcp.dbcp2.PoolingConnection
org.apache.tomcat.dbcp.dbcp2.PoolingConnection#close
org.apache.tomcat.dbcp.pool2.impl.GenericKeyedObjectPool#stopEvictor
startEvictor: Evictor: null
timeBetweenEvictionRunsMillis: -1
startEvictor: Evictor: null
setTimeBetweenEvictionRunsMillis: Evictor: null
GenericKeyedObjectPoolConfig [lifo=true, fairness=false, maxWaitMillis=0, minEvictableIdleTimeMillis=1800000, softMinEvictableIdleTimeMillis=-1, numTestsPerEvictionRun=3, evictionPolicyClassName=org.apache.tomcat.dbcp.pool2.impl.DefaultEvictionPolicy, testOnCreate=false, testOnBorrow=false, testOnReturn=false, testWhileIdle=false, timeBetweenEvictionRunsMillis=-1, blockWhenExhausted=false, jmxEnabled=false, jmxNamePrefix=pool, jmxNameBase=null, minIdlePerKey=0, maxIdlePerKey=1, maxTotalPerKey=-1, maxTotal=-1]
org.apache.tomcat.dbcp.dbcp2.PoolableConnectionFactory.makeObject(PoolableConnectionFactory.java:398)
org.apache.tomcat.dbcp.pool2.impl.GenericObjectPool.create(GenericObjectPool.java:901)
org.apache.tomcat.dbcp.pool2.impl.GenericObjectPool.ensureIdle(GenericObjectPool.java:972)
org.apache.tomcat.dbcp.pool2.impl.GenericObjectPool.ensureMinIdle(GenericObjectPool.java:950)
org.apache.tomcat.dbcp.pool2.impl.BaseGenericObjectPool$Evictor.run(BaseGenericObjectPool.java:1163)
java.base/java.util.concurrent.Executors$RunnableAdapter.call(Executors.java:515)
java.base/java.util.concurrent.FutureTask.runAndReset(FutureTask.java:305)
java.base/java.util.concurrent.ScheduledThreadPoolExecutor$ScheduledFutureTask.run(ScheduledThreadPoolExecutor.java:305)
java.base/java.util.concurrent.ThreadPoolExecutor.runWorker(ThreadPoolExecutor.java:1128)
java.base/java.util.concurrent.ThreadPoolExecutor$Worker.run(ThreadPoolExecutor.java:628)
java.base/java.lang.Thread.run(Thread.java:834)
timeBetweenEvictionRunsMillis: -1
startEvictor: Evictor: null
setTimeBetweenEvictionRunsMillis: Evictor: null
GenericKeyedObjectPoolConfig [lifo=true, fairness=false, maxWaitMillis=0, minEvictableIdleTimeMillis=1800000, softMinEvictableIdleTimeMillis=-1, numTestsPerEvictionRun=3, evictionPolicyClassName=org.apache.tomcat.dbcp.pool2.impl.DefaultEvictionPolicy, testOnCreate=false, testOnBorrow=false, testOnReturn=false, testWhileIdle=false, timeBetweenEvictionRunsMillis=-1, blockWhenExhausted=false, jmxEnabled=false, jmxNamePrefix=pool, jmxNameBase=null, minIdlePerKey=0, maxIdlePerKey=1, maxTotalPerKey=-1, maxTotal=-1]
org.apache.tomcat.dbcp.dbcp2.PoolableConnectionFactory.makeObject(PoolableConnectionFactory.java:398)
org.apache.tomcat.dbcp.pool2.impl.GenericObjectPool.create(GenericObjectPool.java:901)
org.apache.tomcat.dbcp.pool2.impl.GenericObjectPool.ensureIdle(GenericObjectPool.java:972)
org.apache.tomcat.dbcp.pool2.impl.GenericObjectPool.ensureMinIdle(GenericObjectPool.java:950)
org.apache.tomcat.dbcp.pool2.impl.BaseGenericObjectPool$Evictor.run(BaseGenericObjectPool.java:1163)
java.base/java.util.concurrent.Executors$RunnableAdapter.call(Executors.java:515)
java.base/java.util.concurrent.FutureTask.runAndReset(FutureTask.java:305)
java.base/java.util.concurrent.ScheduledThreadPoolExecutor$ScheduledFutureTask.run(ScheduledThreadPoolExecutor.java:305)
java.base/java.util.concurrent.ThreadPoolExecutor.runWorker(ThreadPoolExecutor.java:1128)
java.base/java.util.concurrent.ThreadPoolExecutor$Worker.run(ThreadPoolExecutor.java:628)
java.base/java.lang.Thread.run(Thread.java:834)
NumActive: 1
NumIdle: 5
main
Reference Handler
Finalizer
Signal Dispatcher
Common-Cleaner
MVStore background writer nio:/root/test.mv.db
commons-pool-evictor-thread
commons-pool-evictor-thread:14 is alive.
Evict: true
org.apache.tomcat.dbcp.pool2.impl.GenericObjectPool#destroy: class org.apache.tomcat.dbcp.dbcp2.PoolableConnectionFactory
org.apache.tomcat.dbcp.dbcp2.PoolableConnectionFactory#destroyObject: class org.apache.tomcat.dbcp.dbcp2.PoolableConnection
org.apache.tomcat.dbcp.dbcp2.PoolableConnection#closeInternal: class org.apache.tomcat.dbcp.dbcp2.PoolingConnection
org.apache.tomcat.dbcp.dbcp2.PoolingConnection#close
org.apache.tomcat.dbcp.pool2.impl.GenericKeyedObjectPool#stopEvictor
startEvictor: Evictor: null
Evict: true
org.apache.tomcat.dbcp.pool2.impl.GenericObjectPool#destroy: class org.apache.tomcat.dbcp.dbcp2.PoolableConnectionFactory
org.apache.tomcat.dbcp.dbcp2.PoolableConnectionFactory#destroyObject: class org.apache.tomcat.dbcp.dbcp2.PoolableConnection
org.apache.tomcat.dbcp.dbcp2.PoolableConnection#closeInternal: class org.apache.tomcat.dbcp.dbcp2.PoolingConnection
org.apache.tomcat.dbcp.dbcp2.PoolingConnection#close
org.apache.tomcat.dbcp.pool2.impl.GenericKeyedObjectPool#stopEvictor
startEvictor: Evictor: null
timeBetweenEvictionRunsMillis: -1
startEvictor: Evictor: null
setTimeBetweenEvictionRunsMillis: Evictor: null
GenericKeyedObjectPoolConfig [lifo=true, fairness=false, maxWaitMillis=0, minEvictableIdleTimeMillis=1800000, softMinEvictableIdleTimeMillis=-1, numTestsPerEvictionRun=3, evictionPolicyClassName=org.apache.tomcat.dbcp.pool2.impl.DefaultEvictionPolicy, testOnCreate=false, testOnBorrow=false, testOnReturn=false, testWhileIdle=false, timeBetweenEvictionRunsMillis=-1, blockWhenExhausted=false, jmxEnabled=false, jmxNamePrefix=pool, jmxNameBase=null, minIdlePerKey=0, maxIdlePerKey=1, maxTotalPerKey=-1, maxTotal=-1]
org.apache.tomcat.dbcp.dbcp2.PoolableConnectionFactory.makeObject(PoolableConnectionFactory.java:398)
org.apache.tomcat.dbcp.pool2.impl.GenericObjectPool.create(GenericObjectPool.java:901)
org.apache.tomcat.dbcp.pool2.impl.GenericObjectPool.ensureIdle(GenericObjectPool.java:972)
org.apache.tomcat.dbcp.pool2.impl.GenericObjectPool.ensureMinIdle(GenericObjectPool.java:950)
org.apache.tomcat.dbcp.pool2.impl.BaseGenericObjectPool$Evictor.run(BaseGenericObjectPool.java:1163)
java.base/java.util.concurrent.Executors$RunnableAdapter.call(Executors.java:515)
java.base/java.util.concurrent.FutureTask.runAndReset(FutureTask.java:305)
java.base/java.util.concurrent.ScheduledThreadPoolExecutor$ScheduledFutureTask.run(ScheduledThreadPoolExecutor.java:305)
java.base/java.util.concurrent.ThreadPoolExecutor.runWorker(ThreadPoolExecutor.java:1128)
java.base/java.util.concurrent.ThreadPoolExecutor$Worker.run(ThreadPoolExecutor.java:628)
java.base/java.lang.Thread.run(Thread.java:834)
timeBetweenEvictionRunsMillis: -1
startEvictor: Evictor: null
setTimeBetweenEvictionRunsMillis: Evictor: null
GenericKeyedObjectPoolConfig [lifo=true, fairness=false, maxWaitMillis=0, minEvictableIdleTimeMillis=1800000, softMinEvictableIdleTimeMillis=-1, numTestsPerEvictionRun=3, evictionPolicyClassName=org.apache.tomcat.dbcp.pool2.impl.DefaultEvictionPolicy, testOnCreate=false, testOnBorrow=false, testOnReturn=false, testWhileIdle=false, timeBetweenEvictionRunsMillis=-1, blockWhenExhausted=false, jmxEnabled=false, jmxNamePrefix=pool, jmxNameBase=null, minIdlePerKey=0, maxIdlePerKey=1, maxTotalPerKey=-1, maxTotal=-1]
org.apache.tomcat.dbcp.dbcp2.PoolableConnectionFactory.makeObject(PoolableConnectionFactory.java:398)
org.apache.tomcat.dbcp.pool2.impl.GenericObjectPool.create(GenericObjectPool.java:901)
org.apache.tomcat.dbcp.pool2.impl.GenericObjectPool.ensureIdle(GenericObjectPool.java:972)
org.apache.tomcat.dbcp.pool2.impl.GenericObjectPool.ensureMinIdle(GenericObjectPool.java:950)
org.apache.tomcat.dbcp.pool2.impl.BaseGenericObjectPool$Evictor.run(BaseGenericObjectPool.java:1163)
java.base/java.util.concurrent.Executors$RunnableAdapter.call(Executors.java:515)
java.base/java.util.concurrent.FutureTask.runAndReset(FutureTask.java:305)
java.base/java.util.concurrent.ScheduledThreadPoolExecutor$ScheduledFutureTask.run(ScheduledThreadPoolExecutor.java:305)
java.base/java.util.concurrent.ThreadPoolExecutor.runWorker(ThreadPoolExecutor.java:1128)
java.base/java.util.concurrent.ThreadPoolExecutor$Worker.run(ThreadPoolExecutor.java:628)
java.base/java.lang.Thread.run(Thread.java:834)
Test ended.
org.apache.tomcat.dbcp.dbcp2.PoolingDataSource$PoolGuardConnectionWrapper#closeInternal: class org.apache.tomcat.dbcp.dbcp2.PoolableConnection
Connection closed.
Evict: true
org.apache.tomcat.dbcp.pool2.impl.GenericObjectPool#destroy: class org.apache.tomcat.dbcp.dbcp2.PoolableConnectionFactory
org.apache.tomcat.dbcp.dbcp2.PoolableConnectionFactory#destroyObject: class org.apache.tomcat.dbcp.dbcp2.PoolableConnection
org.apache.tomcat.dbcp.dbcp2.PoolableConnection#closeInternal: class org.apache.tomcat.dbcp.dbcp2.PoolingConnection
org.apache.tomcat.dbcp.dbcp2.PoolingConnection#close
org.apache.tomcat.dbcp.pool2.impl.GenericKeyedObjectPool#stopEvictor
startEvictor: Evictor: null
Evict: true
org.apache.tomcat.dbcp.pool2.impl.GenericObjectPool#destroy: class org.apache.tomcat.dbcp.dbcp2.PoolableConnectionFactory
org.apache.tomcat.dbcp.dbcp2.PoolableConnectionFactory#destroyObject: class org.apache.tomcat.dbcp.dbcp2.PoolableConnection
org.apache.tomcat.dbcp.dbcp2.PoolableConnection#closeInternal: class org.apache.tomcat.dbcp.dbcp2.PoolingConnection
org.apache.tomcat.dbcp.dbcp2.PoolingConnection#close
org.apache.tomcat.dbcp.pool2.impl.GenericKeyedObjectPool#stopEvictor
startEvictor: Evictor: null
